#
# A fatal error has been detected by the Java Runtime Environment:
#
#  SIGSEGV (0xb) at pc=0x00007f3c8d80a780, pid=10360, tid=10373
#
# JRE version: Java(TM) SE Runtime Environment (9.0+11) (build 9.0.4+11)
# Java VM: Java HotSpot(TM) 64-Bit Server VM (9.0.4+11, mixed mode, tiered, compressed oops, g1 gc, linux-amd64)
# Problematic frame:
# V  [libjvm.so+0xc4f780]  SignatureIterator::iterate_returntype()+0x20
#
# Core dump will be written. Default location: Core dumps may be processed with "/usr/share/apport/apport %p %s %c %P" (or dumping to /home/noah/EightPuzzle/DSA-18/core.10360)
#
# If you would like to submit a bug report, please visit:
#   http://bugreport.java.com/bugreport/crash.jsp
#

---------------  S U M M A R Y ------------

Command Line: -agentlib:jdwp=transport=dt_socket,address=127.0.0.1:43698,suspend=y,server=n -ea -Didea.test.cyclic.buffer.size=1048576 -javaagent:/opt/intellij-idea-community/lib/rt/debugger-agent.jar=/tmp/capture.props -Dfile.encoding=UTF-8 com.intellij.rt.execution.junit.JUnitStarter -ideVersion5 -junit5 PuzzleTest,testSolverEasy

Host: Intel(R) Core(TM) i7-6600U CPU @ 2.60GHz, 4 cores, 7G, Ubuntu 14.04.5 LTS
Time: Mon Apr  9 07:45:34 2018 EDT elapsed time: 1547 seconds (0d 0h 25m 47s)

---------------  T H R E A D  ---------------

Current thread (0x00007f3c88157000):  VMThread "VM Thread" [stack: 0x00007f3c5c244000,0x00007f3c5c344000] [id=10373]

Stack: [0x00007f3c5c244000,0x00007f3c5c344000],  sp=0x00007f3c5c341ef0,  free space=1015k
Native frames: (J=compiled Java code, A=aot compiled Java code, j=interpreted, Vv=VM code, C=native code)
V  [libjvm.so+0xc4f780]  SignatureIterator::iterate_returntype()+0x20
V  [libjvm.so+0x7a9039]  GenerateOopMap::do_method(int, int, int, int)+0x79
V  [libjvm.so+0x7ad413]  GenerateOopMap::interp1(BytecodeStream*)+0xb73
V  [libjvm.so+0x7ae2f4]  GenerateOopMap::interp_bb(BasicBlock*)+0x144
V  [libjvm.so+0x7b021f]  GenerateOopMap::do_interpretation()+0x9f
V  [libjvm.so+0x7b05fb]  GenerateOopMap::compute_map(Thread*)+0x26b
V  [libjvm.so+0xb5a587]  OopMapForCacheEntry::compute_map(Thread*)+0x67
V  [libjvm.so+0xb5b1fc]  OopMapCacheEntry::fill(methodHandle, int)+0x12c
V  [libjvm.so+0xb5ba42]  OopMapCache::compute_one_oop_map(methodHandle const&, int, InterpreterOopMap*)+0x102
V  [libjvm.so+0xb5bd56]  OopMapCache::lookup(methodHandle const&, int, InterpreterOopMap*) const+0x216
V  [libjvm.so+0xafb584]  Method::mask_for(int, InterpreterOopMap*)+0x74
V  [libjvm.so+0x9a5a4d]  VM_GetOrSetLocal::doit()+0x4d
V  [libjvm.so+0xd5d4f9]  VM_Operation::evaluate()+0x59
V  [libjvm.so+0xd5b243]  VMThread::evaluate_operation(VM_Operation*)+0xc3
V  [libjvm.so+0xd5b7b0]  VMThread::loop()+0x210
V  [libjvm.so+0xd5bcc2]  VMThread::run()+0x72
V  [libjvm.so+0xb6e132]  thread_native_entry(Thread*)+0xf2


siginfo: si_signo: 11 (SIGSEGV), si_code: 1 (SEGV_MAPERR), si_addr: 0x0000000000000006

Register to memory mapping:

RAX=0x00007f3c5c341f30 is an unknown value
RBX=0x00007f3c5c341f40 is an unknown value
RCX=0x000000000000ca11 is an unknown value
RDX=0x0000000000000001 is an unknown value
RSP=0x00007f3c5c341ef0 is an unknown value
RBP=0x00007f3c5c341f10 is an unknown value
RSI=0x0000000000000000 is an unknown value
RDI=0x00007f3c5c341f40 is an unknown value
R8 =0x0000000000000059 is an unknown value
R9 =0x0000000000000000 is an unknown value
R10=0x00007f3c8dedd880: <offset 0x0000000001322880> in /usr/lib/jvm/java-9-oracle/lib/server/libjvm.so at 0x00007f3c8cbbb000
R11=0x00007f3c8e0cb550: <offset 0x000000000018b550> in /lib/x86_64-linux-gnu/libc.so.6 at 0x00007f3c8df40000
R12=0x00007f3c5c341f40 is an unknown value
R13=0x0000000000000000 is an unknown value
R14=0x00007f3c5c3428c0 is an unknown value
R15=0x0000000000000000 is an unknown value


Registers:
RAX=0x00007f3c5c341f30, RBX=0x00007f3c5c341f40, RCX=0x000000000000ca11, RDX=0x0000000000000001
RSP=0x00007f3c5c341ef0, RBP=0x00007f3c5c341f10, RSI=0x0000000000000000, RDI=0x00007f3c5c341f40
R8 =0x0000000000000059, R9 =0x0000000000000000, R10=0x00007f3c8dedd880, R11=0x00007f3c8e0cb550
R12=0x00007f3c5c341f40, R13=0x0000000000000000, R14=0x00007f3c5c3428c0, R15=0x0000000000000000
RIP=0x00007f3c8d80a780, EFLAGS=0x0000000000010206, CSGSFS=0x0000000000000033, ERR=0x0000000000000004
  TRAPNO=0x000000000000000e

Top of Stack: (sp=0x00007f3c5c341ef0)
0x00007f3c5c341ef0:   00007f3c5c341f10 00007f3c5c341f40
0x00007f3c5c341f00:   0000000000000059 00007f3c8dedd4c0
0x00007f3c5c341f10:   00007f3c5c3425b0 00007f3c8d364039
0x00007f3c5c341f20:   00007f3c5c341f30 000000004fffffff 

Instructions: (pc=0x00007f3c8d80a780)
0x00007f3c8d80a760:   55 ba 01 00 00 00 48 89 e5 41 55 41 54 53 49 89
0x00007f3c8d80a770:   fc 48 83 ec 08 4c 8b 6f 08 c7 47 10 00 00 00 00
0x00007f3c8d80a780:   41 80 7d 06 28 74 31 48 8d 15 a6 ac 1c 00 48 8d
0x00007f3c8d80a790:   3d fb ac 1c 00 31 c0 b9 28 00 00 00 be 35 00 00 

VM_Operation (0x00007f3c3adcea30): GetOrSetLocal, mode: safepoint, requested by thread 0x00007f3c8827d800


---------------  P R O C E S S  ---------------

Java Threads: ( => current thread )
  0x00007f3c88306000 JavaThread "Service Thread" daemon [_thread_blocked, id=10389, stack(0x00007f3c3a9cc000,0x00007f3c3aacd000)]
  0x00007f3c08001000 JavaThread "JDWP Command Reader" daemon [_thread_in_native, id=10387, stack(0x00007f3c3aacd000,0x00007f3c3abce000)]
  0x00007f3c88281800 JavaThread "JDWP Event Helper Thread" daemon [_thread_blocked, id=10386, stack(0x00007f3c3abce000,0x00007f3c3accf000)]
  0x00007f3c8827d800 JavaThread "JDWP Transport Listener: dt_socket" daemon [_thread_blocked, id=10384, stack(0x00007f3c3accf000,0x00007f3c3add0000)]
  0x00007f3c881ef000 JavaThread "Common-Cleaner" daemon [_thread_blocked, id=10383, stack(0x00007f3c3afd4000,0x00007f3c3b0d5000)]
  0x00007f3c8818a800 JavaThread "Sweeper thread" daemon [_thread_blocked, id=10382, stack(0x00007f3c3b4fd000,0x00007f3c3b5fe000)]
  0x00007f3c88188800 JavaThread "C1 CompilerThread2" daemon [_thread_blocked, id=10381, stack(0x00007f3c3b5fe000,0x00007f3c3b6ff000)]
  0x00007f3c88186800 JavaThread "C2 CompilerThread1" daemon [_thread_blocked, id=10380, stack(0x00007f3c3b6ff000,0x00007f3c3b800000)]
  0x00007f3c88184800 JavaThread "C2 CompilerThread0" daemon [_thread_blocked, id=10379, stack(0x00007f3c40016000,0x00007f3c40117000)]
  0x00007f3c88183000 JavaThread "Signal Dispatcher" daemon [_thread_blocked, id=10378, stack(0x00007f3c40117000,0x00007f3c40218000)]
  0x00007f3c88169000 JavaThread "Finalizer" daemon [_thread_blocked, id=10375, stack(0x00007f3c5c041000,0x00007f3c5c142000)]
  0x00007f3c88160800 JavaThread "Reference Handler" daemon [_thread_blocked, id=10374, stack(0x00007f3c5c142000,0x00007f3c5c243000)]
  0x00007f3c88015800 JavaThread "main" [_thread_blocked, id=10361, stack(0x00007f3c8ec54000,0x00007f3c8ed54000)]

Other Threads:
=>0x00007f3c88157000 VMThread "VM Thread" [stack: 0x00007f3c5c244000,0x00007f3c5c344000] [id=10373]
  0x00007f3c88309800 WatcherThread [stack: 0x00007f3c3a8cc000,0x00007f3c3a9cc000] [id=10390]
  0x00007f3c8802d800 GCTaskThread "GC Thread#0" [stack: 0x00007f3c6c312000,0x00007f3c6c412000] [id=10362]
  0x00007f3c8802f000 GCTaskThread "GC Thread#1" [stack: 0x00007f3c6c211000,0x00007f3c6c311000] [id=10363]
  0x00007f3c88030800 GCTaskThread "GC Thread#2" [stack: 0x00007f3c6c110000,0x00007f3c6c210000] [id=10364]
  0x00007f3c88032000 GCTaskThread "GC Thread#3" [stack: 0x00007f3c6c00f000,0x00007f3c6c10f000] [id=10365]
  0x00007f3c88060000 ConcurrentGCThread "G1 Main Marker" [stack: 0x00007f3c5c91b000,0x00007f3c5ca1b000] [id=10371]
  0x00007f3c88061800 ConcurrentGCThread "G1 Marker#0" [stack: 0x00007f3c5c81a000,0x00007f3c5c91a000] [id=10372]
  0x00007f3c88039800 ConcurrentGCThread "G1 Refine#0" [stack: 0x00007f3c5f7f9000,0x00007f3c5f8f9000] [id=10369]
  0x00007f3c88038000 ConcurrentGCThread "G1 Refine#1" [stack: 0x00007f3c5f8fa000,0x00007f3c5f9fa000] [id=10368]
  0x00007f3c88036000 ConcurrentGCThread "G1 Refine#2" [stack: 0x00007f3c5f9fb000,0x00007f3c5fafb000] [id=10367]
  0x00007f3c88034000 ConcurrentGCThread "G1 Refine#3" [stack: 0x00007f3c5fafc000,0x00007f3c5fbfc000] [id=10366]
  0x00007f3c8803b800 ConcurrentGCThread "G1 Young RemSet Sampling" [stack: 0x00007f3c5f6f8000,0x00007f3c5f7f8000] [id=10370]

Threads with active compile tasks:

VM state:at safepoint (normal execution)

VM Mutex/Monitor currently owned by a thread:  ([mutex/lock_event])
[0x00007f3c88011d10] Threads_lock - owner thread: 0x00007f3c88157000

Heap address: 0x0000000088600000, size: 1914 MB, Compressed Oops mode: 32-bit
Narrow klass base: 0x0000000000000000, Narrow klass shift: 3
Compressed class space size: 1073741824 Address: 0x0000000100000000

Heap:
 garbage-first heap   total 122880K, used 13312K [0x0000000088600000, 0x00000000887003c0, 0x0000000100000000)
  region size 1024K, 14 young (14336K), 0 survivors (0K)
 Metaspace       used 9940K, capacity 10708K, committed 10880K, reserved 1058816K
  class space    used 1002K, capacity 1136K, committed 1152K, reserved 1048576K
Heap Regions: E=young(eden), S=young(survivor), O=old, HS=humongous(starts), HC=humongous(continues), CS=collection set, F=free, A=archive, TS=gc time stamp, AC=allocation context, TAMS=top-at-mark-start (previous, next)
|   0|0x0000000088600000, 0x0000000088600000, 0x0000000088700000|  0%| F|  |TS  0|AC  0|TAMS 0x0000000088600000, 0x0000000088600000|
|   1|0x0000000088700000, 0x0000000088700000, 0x0000000088800000|  0%| F|  |TS  0|AC  0|TAMS 0x0000000088700000, 0x0000000088700000|
|   2|0x0000000088800000, 0x0000000088800000, 0x0000000088900000|  0%| F|  |TS  0|AC  0|TAMS 0x0000000088800000, 0x0000000088800000|
|   3|0x0000000088900000, 0x0000000088900000, 0x0000000088a00000|  0%| F|  |TS  0|AC  0|TAMS 0x0000000088900000, 0x0000000088900000|
|   4|0x0000000088a00000, 0x0000000088a00000, 0x0000000088b00000|  0%| F|  |TS  0|AC  0|TAMS 0x0000000088a00000, 0x0000000088a00000|
|   5|0x0000000088b00000, 0x0000000088b00000, 0x0000000088c00000|  0%| F|  |TS  0|AC  0|TAMS 0x0000000088b00000, 0x0000000088b00000|
|   6|0x0000000088c00000, 0x0000000088c00000, 0x0000000088d00000|  0%| F|  |TS  0|AC  0|TAMS 0x0000000088c00000, 0x0000000088c00000|
|   7|0x0000000088d00000, 0x0000000088d00000, 0x0000000088e00000|  0%| F|  |TS  0|AC  0|TAMS 0x0000000088d00000, 0x0000000088d00000|
|   8|0x0000000088e00000, 0x0000000088e00000, 0x0000000088f00000|  0%| F|  |TS  0|AC  0|TAMS 0x0000000088e00000, 0x0000000088e00000|
|   9|0x0000000088f00000, 0x0000000088f00000, 0x0000000089000000|  0%| F|  |TS  0|AC  0|TAMS 0x0000000088f00000, 0x0000000088f00000|
|  10|0x0000000089000000, 0x0000000089000000, 0x0000000089100000|  0%| F|  |TS  0|AC  0|TAMS 0x0000000089000000, 0x0000000089000000|
|  11|0x0000000089100000, 0x0000000089100000, 0x0000000089200000|  0%| F|  |TS  0|AC  0|TAMS 0x0000000089100000, 0x0000000089100000|
|  12|0x0000000089200000, 0x0000000089200000, 0x0000000089300000|  0%| F|  |TS  0|AC  0|TAMS 0x0000000089200000, 0x0000000089200000|
|  13|0x0000000089300000, 0x0000000089300000, 0x0000000089400000|  0%| F|  |TS  0|AC  0|TAMS 0x0000000089300000, 0x0000000089300000|
|  14|0x0000000089400000, 0x0000000089400000, 0x0000000089500000|  0%| F|  |TS  0|AC  0|TAMS 0x0000000089400000, 0x0000000089400000|
|  15|0x0000000089500000, 0x0000000089500000, 0x0000000089600000|  0%| F|  |TS  0|AC  0|TAMS 0x0000000089500000, 0x0000000089500000|
|  16|0x0000000089600000, 0x0000000089600000, 0x0000000089700000|  0%| F|  |TS  0|AC  0|TAMS 0x0000000089600000, 0x0000000089600000|
|  17|0x0000000089700000, 0x0000000089700000, 0x0000000089800000|  0%| F|  |TS  0|AC  0|TAMS 0x0000000089700000, 0x0000000089700000|
|  18|0x0000000089800000, 0x0000000089800000, 0x0000000089900000|  0%| F|  |TS  0|AC  0|TAMS 0x0000000089800000, 0x0000000089800000|
|  19|0x0000000089900000, 0x0000000089900000, 0x0000000089a00000|  0%| F|  |TS  0|AC  0|TAMS 0x0000000089900000, 0x0000000089900000|
|  20|0x0000000089a00000, 0x0000000089a00000, 0x0000000089b00000|  0%| F|  |TS  0|AC  0|TAMS 0x0000000089a00000, 0x0000000089a00000|
|  21|0x0000000089b00000, 0x0000000089b00000, 0x0000000089c00000|  0%| F|  |TS  0|AC  0|TAMS 0x0000000089b00000, 0x0000000089b00000|
|  22|0x0000000089c00000, 0x0000000089c00000, 0x0000000089d00000|  0%| F|  |TS  0|AC  0|TAMS 0x0000000089c00000, 0x0000000089c00000|
|  23|0x0000000089d00000, 0x0000000089d00000, 0x0000000089e00000|  0%| F|  |TS  0|AC  0|TAMS 0x0000000089d00000, 0x0000000089d00000|
|  24|0x0000000089e00000, 0x0000000089e00000, 0x0000000089f00000|  0%| F|  |TS  0|AC  0|TAMS 0x0000000089e00000, 0x0000000089e00000|
|  25|0x0000000089f00000, 0x0000000089f00000, 0x000000008a000000|  0%| F|  |TS  0|AC  0|TAMS 0x0000000089f00000, 0x0000000089f00000|
|  26|0x000000008a000000, 0x000000008a000000, 0x000000008a100000|  0%| F|  |TS  0|AC  0|TAMS 0x000000008a000000, 0x000000008a000000|
|  27|0x000000008a100000, 0x000000008a100000, 0x000000008a200000|  0%| F|  |TS  0|AC  0|TAMS 0x000000008a100000, 0x000000008a100000|
|  28|0x000000008a200000, 0x000000008a200000, 0x000000008a300000|  0%| F|  |TS  0|AC  0|TAMS 0x000000008a200000, 0x000000008a200000|
|  29|0x000000008a300000, 0x000000008a300000, 0x000000008a400000|  0%| F|  |TS  0|AC  0|TAMS 0x000000008a300000, 0x000000008a300000|
|  30|0x000000008a400000, 0x000000008a400000, 0x000000008a500000|  0%| F|  |TS  0|AC  0|TAMS 0x000000008a400000, 0x000000008a400000|
|  31|0x000000008a500000, 0x000000008a500000, 0x000000008a600000|  0%| F|  |TS  0|AC  0|TAMS 0x000000008a500000, 0x000000008a500000|
|  32|0x000000008a600000, 0x000000008a600000, 0x000000008a700000|  0%| F|  |TS  0|AC  0|TAMS 0x000000008a600000, 0x000000008a600000|
|  33|0x000000008a700000, 0x000000008a700000, 0x000000008a800000|  0%| F|  |TS  0|AC  0|TAMS 0x000000008a700000, 0x000000008a700000|
|  34|0x000000008a800000, 0x000000008a800000, 0x000000008a900000|  0%| F|  |TS  0|AC  0|TAMS 0x000000008a800000, 0x000000008a800000|
|  35|0x000000008a900000, 0x000000008a900000, 0x000000008aa00000|  0%| F|  |TS  0|AC  0|TAMS 0x000000008a900000, 0x000000008a900000|
|  36|0x000000008aa00000, 0x000000008aa00000, 0x000000008ab00000|  0%| F|  |TS  0|AC  0|TAMS 0x000000008aa00000, 0x000000008aa00000|
|  37|0x000000008ab00000, 0x000000008ab00000, 0x000000008ac00000|  0%| F|  |TS  0|AC  0|TAMS 0x000000008ab00000, 0x000000008ab00000|
|  38|0x000000008ac00000, 0x000000008ac00000, 0x000000008ad00000|  0%| F|  |TS  0|AC  0|TAMS 0x000000008ac00000, 0x000000008ac00000|
|  39|0x000000008ad00000, 0x000000008ad00000, 0x000000008ae00000|  0%| F|  |TS  0|AC  0|TAMS 0x000000008ad00000, 0x000000008ad00000|
|  40|0x000000008ae00000, 0x000000008ae00000, 0x000000008af00000|  0%| F|  |TS  0|AC  0|TAMS 0x000000008ae00000, 0x000000008ae00000|
|  41|0x000000008af00000, 0x000000008af00000, 0x000000008b000000|  0%| F|  |TS  0|AC  0|TAMS 0x000000008af00000, 0x000000008af00000|
|  42|0x000000008b000000, 0x000000008b000000, 0x000000008b100000|  0%| F|  |TS  0|AC  0|TAMS 0x000000008b000000, 0x000000008b000000|
|  43|0x000000008b100000, 0x000000008b100000, 0x000000008b200000|  0%| F|  |TS  0|AC  0|TAMS 0x000000008b100000, 0x000000008b100000|
|  44|0x000000008b200000, 0x000000008b200000, 0x000000008b300000|  0%| F|  |TS  0|AC  0|TAMS 0x000000008b200000, 0x000000008b200000|
|  45|0x000000008b300000, 0x000000008b300000, 0x000000008b400000|  0%| F|  |TS  0|AC  0|TAMS 0x000000008b300000, 0x000000008b300000|
|  46|0x000000008b400000, 0x000000008b400000, 0x000000008b500000|  0%| F|  |TS  0|AC  0|TAMS 0x000000008b400000, 0x000000008b400000|
|  47|0x000000008b500000, 0x000000008b500000, 0x000000008b600000|  0%| F|  |TS  0|AC  0|TAMS 0x000000008b500000, 0x000000008b500000|
|  48|0x000000008b600000, 0x000000008b600000, 0x000000008b700000|  0%| F|  |TS  0|AC  0|TAMS 0x000000008b600000, 0x000000008b600000|
|  49|0x000000008b700000, 0x000000008b700000, 0x000000008b800000|  0%| F|  |TS  0|AC  0|TAMS 0x000000008b700000, 0x000000008b700000|
|  50|0x000000008b800000, 0x000000008b800000, 0x000000008b900000|  0%| F|  |TS  0|AC  0|TAMS 0x000000008b800000, 0x000000008b800000|
|  51|0x000000008b900000, 0x000000008b900000, 0x000000008ba00000|  0%| F|  |TS  0|AC  0|TAMS 0x000000008b900000, 0x000000008b900000|
|  52|0x000000008ba00000, 0x000000008ba00000, 0x000000008bb00000|  0%| F|  |TS  0|AC  0|TAMS 0x000000008ba00000, 0x000000008ba00000|
|  53|0x000000008bb00000, 0x000000008bb00000, 0x000000008bc00000|  0%| F|  |TS  0|AC  0|TAMS 0x000000008bb00000, 0x000000008bb00000|
|  54|0x000000008bc00000, 0x000000008bc00000, 0x000000008bd00000|  0%| F|  |TS  0|AC  0|TAMS 0x000000008bc00000, 0x000000008bc00000|
|  55|0x000000008bd00000, 0x000000008bd00000, 0x000000008be00000|  0%| F|  |TS  0|AC  0|TAMS 0x000000008bd00000, 0x000000008bd00000|
|  56|0x000000008be00000, 0x000000008be00000, 0x000000008bf00000|  0%| F|  |TS  0|AC  0|TAMS 0x000000008be00000, 0x000000008be00000|
|  57|0x000000008bf00000, 0x000000008bf00000, 0x000000008c000000|  0%| F|  |TS  0|AC  0|TAMS 0x000000008bf00000, 0x000000008bf00000|
|  58|0x000000008c000000, 0x000000008c000000, 0x000000008c100000|  0%| F|  |TS  0|AC  0|TAMS 0x000000008c000000, 0x000000008c000000|
|  59|0x000000008c100000, 0x000000008c100000, 0x000000008c200000|  0%| F|  |TS  0|AC  0|TAMS 0x000000008c100000, 0x000000008c100000|
|  60|0x000000008c200000, 0x000000008c200000, 0x000000008c300000|  0%| F|  |TS  0|AC  0|TAMS 0x000000008c200000, 0x000000008c200000|
|  61|0x000000008c300000, 0x000000008c300000, 0x000000008c400000|  0%| F|  |TS  0|AC  0|TAMS 0x000000008c300000, 0x000000008c300000|
|  62|0x000000008c400000, 0x000000008c400000, 0x000000008c500000|  0%| F|  |TS  0|AC  0|TAMS 0x000000008c400000, 0x000000008c400000|
|  63|0x000000008c500000, 0x000000008c500000, 0x000000008c600000|  0%| F|  |TS  0|AC  0|TAMS 0x000000008c500000, 0x000000008c500000|
|  64|0x000000008c600000, 0x000000008c600000, 0x000000008c700000|  0%| F|  |TS  0|AC  0|TAMS 0x000000008c600000, 0x000000008c600000|
|  65|0x000000008c700000, 0x000000008c700000, 0x000000008c800000|  0%| F|  |TS  0|AC  0|TAMS 0x000000008c700000, 0x000000008c700000|
|  66|0x000000008c800000, 0x000000008c800000, 0x000000008c900000|  0%| F|  |TS  0|AC  0|TAMS 0x000000008c800000, 0x000000008c800000|
|  67|0x000000008c900000, 0x000000008c900000, 0x000000008ca00000|  0%| F|  |TS  0|AC  0|TAMS 0x000000008c900000, 0x000000008c900000|
|  68|0x000000008ca00000, 0x000000008ca00000, 0x000000008cb00000|  0%| F|  |TS  0|AC  0|TAMS 0x000000008ca00000, 0x000000008ca00000|
|  69|0x000000008cb00000, 0x000000008cb00000, 0x000000008cc00000|  0%| F|  |TS  0|AC  0|TAMS 0x000000008cb00000, 0x000000008cb00000|
|  70|0x000000008cc00000, 0x000000008cc00000, 0x000000008cd00000|  0%| F|  |TS  0|AC  0|TAMS 0x000000008cc00000, 0x000000008cc00000|
|  71|0x000000008cd00000, 0x000000008cd00000, 0x000000008ce00000|  0%| F|  |TS  0|AC  0|TAMS 0x000000008cd00000, 0x000000008cd00000|
|  72|0x000000008ce00000, 0x000000008ce00000, 0x000000008cf00000|  0%| F|  |TS  0|AC  0|TAMS 0x000000008ce00000, 0x000000008ce00000|
|  73|0x000000008cf00000, 0x000000008cf00000, 0x000000008d000000|  0%| F|  |TS  0|AC  0|TAMS 0x000000008cf00000, 0x000000008cf00000|
|  74|0x000000008d000000, 0x000000008d000000, 0x000000008d100000|  0%| F|  |TS  0|AC  0|TAMS 0x000000008d000000, 0x000000008d000000|
|  75|0x000000008d100000, 0x000000008d100000, 0x000000008d200000|  0%| F|  |TS  0|AC  0|TAMS 0x000000008d100000, 0x000000008d100000|
|  76|0x000000008d200000, 0x000000008d200000, 0x000000008d300000|  0%| F|  |TS  0|AC  0|TAMS 0x000000008d200000, 0x000000008d200000|
|  77|0x000000008d300000, 0x000000008d300000, 0x000000008d400000|  0%| F|  |TS  0|AC  0|TAMS 0x000000008d300000, 0x000000008d300000|
|  78|0x000000008d400000, 0x000000008d400000, 0x000000008d500000|  0%| F|  |TS  0|AC  0|TAMS 0x000000008d400000, 0x000000008d400000|
|  79|0x000000008d500000, 0x000000008d500000, 0x000000008d600000|  0%| F|  |TS  0|AC  0|TAMS 0x000000008d500000, 0x000000008d500000|
|  80|0x000000008d600000, 0x000000008d600000, 0x000000008d700000|  0%| F|  |TS  0|AC  0|TAMS 0x000000008d600000, 0x000000008d600000|
|  81|0x000000008d700000, 0x000000008d700000, 0x000000008d800000|  0%| F|  |TS  0|AC  0|TAMS 0x000000008d700000, 0x000000008d700000|
|  82|0x000000008d800000, 0x000000008d800000, 0x000000008d900000|  0%| F|  |TS  0|AC  0|TAMS 0x000000008d800000, 0x000000008d800000|
|  83|0x000000008d900000, 0x000000008d900000, 0x000000008da00000|  0%| F|  |TS  0|AC  0|TAMS 0x000000008d900000, 0x000000008d900000|
|  84|0x000000008da00000, 0x000000008da00000, 0x000000008db00000|  0%| F|  |TS  0|AC  0|TAMS 0x000000008da00000, 0x000000008da00000|
|  85|0x000000008db00000, 0x000000008db00000, 0x000000008dc00000|  0%| F|  |TS  0|AC  0|TAMS 0x000000008db00000, 0x000000008db00000|
|  86|0x000000008dc00000, 0x000000008dc00000, 0x000000008dd00000|  0%| F|  |TS  0|AC  0|TAMS 0x000000008dc00000, 0x000000008dc00000|
|  87|0x000000008dd00000, 0x000000008dd00000, 0x000000008de00000|  0%| F|  |TS  0|AC  0|TAMS 0x000000008dd00000, 0x000000008dd00000|
|  88|0x000000008de00000, 0x000000008de00000, 0x000000008df00000|  0%| F|  |TS  0|AC  0|TAMS 0x000000008de00000, 0x000000008de00000|
|  89|0x000000008df00000, 0x000000008df00000, 0x000000008e000000|  0%| F|  |TS  0|AC  0|TAMS 0x000000008df00000, 0x000000008df00000|
|  90|0x000000008e000000, 0x000000008e000000, 0x000000008e100000|  0%| F|  |TS  0|AC  0|TAMS 0x000000008e000000, 0x000000008e000000|
|  91|0x000000008e100000, 0x000000008e100000, 0x000000008e200000|  0%| F|  |TS  0|AC  0|TAMS 0x000000008e100000, 0x000000008e100000|
|  92|0x000000008e200000, 0x000000008e200000, 0x000000008e300000|  0%| F|  |TS  0|AC  0|TAMS 0x000000008e200000, 0x000000008e200000|
|  93|0x000000008e300000, 0x000000008e300000, 0x000000008e400000|  0%| F|  |TS  0|AC  0|TAMS 0x000000008e300000, 0x000000008e300000|
|  94|0x000000008e400000, 0x000000008e400000, 0x000000008e500000|  0%| F|  |TS  0|AC  0|TAMS 0x000000008e400000, 0x000000008e400000|
|  95|0x000000008e500000, 0x000000008e500000, 0x000000008e600000|  0%| F|  |TS  0|AC  0|TAMS 0x000000008e500000, 0x000000008e500000|
|  96|0x000000008e600000, 0x000000008e600000, 0x000000008e700000|  0%| F|  |TS  0|AC  0|TAMS 0x000000008e600000, 0x000000008e600000|
|  97|0x000000008e700000, 0x000000008e700000, 0x000000008e800000|  0%| F|  |TS  0|AC  0|TAMS 0x000000008e700000, 0x000000008e700000|
|  98|0x000000008e800000, 0x000000008e800000, 0x000000008e900000|  0%| F|  |TS  0|AC  0|TAMS 0x000000008e800000, 0x000000008e800000|
|  99|0x000000008e900000, 0x000000008e900000, 0x000000008ea00000|  0%| F|  |TS  0|AC  0|TAMS 0x000000008e900000, 0x000000008e900000|
| 100|0x000000008ea00000, 0x000000008ea00000, 0x000000008eb00000|  0%| F|  |TS  0|AC  0|TAMS 0x000000008ea00000, 0x000000008ea00000|
| 101|0x000000008eb00000, 0x000000008eb00000, 0x000000008ec00000|  0%| F|  |TS  0|AC  0|TAMS 0x000000008eb00000, 0x000000008eb00000|
| 102|0x000000008ec00000, 0x000000008ec00000, 0x000000008ed00000|  0%| F|  |TS  0|AC  0|TAMS 0x000000008ec00000, 0x000000008ec00000|
| 103|0x000000008ed00000, 0x000000008ed00000, 0x000000008ee00000|  0%| F|  |TS  0|AC  0|TAMS 0x000000008ed00000, 0x000000008ed00000|
| 104|0x000000008ee00000, 0x000000008ee00000, 0x000000008ef00000|  0%| F|  |TS  0|AC  0|TAMS 0x000000008ee00000, 0x000000008ee00000|
| 105|0x000000008ef00000, 0x000000008ef00000, 0x000000008f000000|  0%| F|  |TS  0|AC  0|TAMS 0x000000008ef00000, 0x000000008ef00000|
| 106|0x000000008f000000, 0x000000008f0d7f80, 0x000000008f100000| 84%| E|  |TS  0|AC  0|TAMS 0x000000008f000000, 0x000000008f000000|
| 107|0x000000008f100000, 0x000000008f200000, 0x000000008f200000|100%| E|CS|TS  0|AC  0|TAMS 0x000000008f100000, 0x000000008f100000|
| 108|0x000000008f200000, 0x000000008f300000, 0x000000008f300000|100%| E|CS|TS  0|AC  0|TAMS 0x000000008f200000, 0x000000008f200000|
| 109|0x000000008f300000, 0x000000008f400000, 0x000000008f400000|100%| E|CS|TS  0|AC  0|TAMS 0x000000008f300000, 0x000000008f300000|
| 110|0x000000008f400000, 0x000000008f500000, 0x000000008f500000|100%| E|CS|TS  0|AC  0|TAMS 0x000000008f400000, 0x000000008f400000|
| 111|0x000000008f500000, 0x000000008f600000, 0x000000008f600000|100%| E|CS|TS  0|AC  0|TAMS 0x000000008f500000, 0x000000008f500000|
| 112|0x000000008f600000, 0x000000008f700000, 0x000000008f700000|100%| E|CS|TS  0|AC  0|TAMS 0x000000008f600000, 0x000000008f600000|
| 113|0x000000008f700000, 0x000000008f800000, 0x000000008f800000|100%| E|CS|TS  0|AC  0|TAMS 0x000000008f700000, 0x000000008f700000|
| 114|0x000000008f800000, 0x000000008f900000, 0x000000008f900000|100%| E|CS|TS  0|AC  0|TAMS 0x000000008f800000, 0x000000008f800000|
| 115|0x000000008f900000, 0x000000008fa00000, 0x000000008fa00000|100%| E|CS|TS  0|AC  0|TAMS 0x000000008f900000, 0x000000008f900000|
| 116|0x000000008fa00000, 0x000000008fb00000, 0x000000008fb00000|100%| E|CS|TS  0|AC  0|TAMS 0x000000008fa00000, 0x000000008fa00000|
| 117|0x000000008fb00000, 0x000000008fc00000, 0x000000008fc00000|100%| E|CS|TS  0|AC  0|TAMS 0x000000008fb00000, 0x000000008fb00000|
| 118|0x000000008fc00000, 0x000000008fd00000, 0x000000008fd00000|100%| E|CS|TS  0|AC  0|TAMS 0x000000008fc00000, 0x000000008fc00000|
| 119|0x000000008fd00000, 0x000000008fe00000, 0x000000008fe00000|100%| E|CS|TS  0|AC  0|TAMS 0x000000008fd00000, 0x000000008fd00000|

Card table byte_map: [0x00007f3c5ebc0000,0x00007f3c5ef7d000] byte_map_base: 0x00007f3c5e77d000

Marking Bits (Prev, Next): (CMBitMap*) 0x00007f3c8805ef00, (CMBitMap*) 0x00007f3c8805ef38
 Prev Bits: [0x00007f3c5ca1b000, 0x00007f3c5e803000)
 Next Bits: [0x00007f3c42218000, 0x00007f3c44000000)

Polling page: 0x00007f3c8ed74000

CodeHeap 'non-profiled nmethods': size=120032Kb used=276Kb max_used=276Kb free=119755Kb
 bounds [0x00007f3c740b0000, 0x00007f3c74320000, 0x00007f3c7b5e8000]
CodeHeap 'profiled nmethods': size=120032Kb used=1383Kb max_used=1383Kb free=118648Kb
 bounds [0x00007f3c6cb78000, 0x00007f3c6cde8000, 0x00007f3c740b0000]
CodeHeap 'non-nmethods': size=5696Kb used=1188Kb max_used=1205Kb free=4508Kb
 bounds [0x00007f3c6c5e8000, 0x00007f3c6c858000, 0x00007f3c6cb78000]
 total_blobs=1289 nmethods=795 adapters=260
 compilation: enabled

Compilation events (10 events):
Event: 0.816 Thread 0x00007f3c88188800  791       3       java.util.stream.ReferencePipeline$StatelessOp::<init> (29 bytes)
Event: 0.816 Thread 0x00007f3c88188800 nmethod 791 0x00007f3c6cccfe10 code [0x00007f3c6cccffc0, 0x00007f3c6ccd01e8]
Event: 0.816 Thread 0x00007f3c88188800  792       3       java.util.stream.Sink$ChainedReference::end (10 bytes)
Event: 0.816 Thread 0x00007f3c88188800 nmethod 792 0x00007f3c6ccd0310 code [0x00007f3c6ccd04c0, 0x00007f3c6ccd06e8]
Event: 0.816 Thread 0x00007f3c88186800  793       4       jdk.internal.org.objectweb.asm.ClassWriter::newUTF8 (70 bytes)
Event: 0.829 Thread 0x00007f3c88188800  794       3       java.lang.String::indexOf (65 bytes)
Event: 0.830 Thread 0x00007f3c88188800 nmethod 794 0x00007f3c6ccd0790 code [0x00007f3c6ccd0a00, 0x00007f3c6ccd15a8]
Event: 0.830 Thread 0x00007f3c88188800  795       3       java.lang.StringLatin1::indexOf (25 bytes)
Event: 0.830 Thread 0x00007f3c88188800 nmethod 795 0x00007f3c6ccd1910 code [0x00007f3c6ccd1ac0, 0x00007f3c6ccd1ce8]
Event: 0.895 Thread 0x00007f3c88186800 nmethod 793 0x00007f3c740f3310 code [0x00007f3c740f3580, 0x00007f3c740f48f0]

GC Heap History (0 events):
No events

Deoptimization events (6 events):
Event: 0.470 Thread 0x00007f3c88015800 Uncommon trap: reason=unstable_if action=reinterpret pc=0x00007f3c740b2c9c method=java.lang.String.charAt(I)C @ 4 c2
Event: 0.572 Thread 0x00007f3c88015800 Uncommon trap: reason=unstable_if action=reinterpret pc=0x00007f3c740da060 method=java.util.HashMap.getNode(ILjava/lang/Object;)Ljava/util/HashMap$Node; @ 62 c2
Event: 0.642 Thread 0x00007f3c88015800 Uncommon trap: reason=class_check action=maybe_recompile pc=0x00007f3c740e2268 method=java.util.HashMap.putVal(ILjava/lang/Object;Ljava/lang/Object;ZZ)Ljava/lang/Object; @ 91 c2
Event: 0.643 Thread 0x00007f3c88015800 Uncommon trap: reason=class_check action=maybe_recompile pc=0x00007f3c740e2268 method=java.util.HashMap.putVal(ILjava/lang/Object;Ljava/lang/Object;ZZ)Ljava/lang/Object; @ 91 c2
Event: 0.647 Thread 0x00007f3c88015800 Uncommon trap: reason=class_check action=maybe_recompile pc=0x00007f3c740e2268 method=java.util.HashMap.putVal(ILjava/lang/Object;Ljava/lang/Object;ZZ)Ljava/lang/Object; @ 91 c2
Event: 0.648 Thread 0x00007f3c88015800 Uncommon trap: reason=class_check action=maybe_recompile pc=0x00007f3c740e2268 method=java.util.HashMap.putVal(ILjava/lang/Object;Ljava/lang/Object;ZZ)Ljava/lang/Object; @ 91 c2

Classes redefined (10 events):
Event: 47.565 Thread 0x00007f3c88157000 redefined class name=src.Solver, count=1
Event: 47.575 Thread 0x00007f3c88157000 redefined class name=src.Solver$CostSort, count=1
Event: 47.584 Thread 0x00007f3c88157000 redefined class name=src.Solver$State, count=1
Event: 838.746 Thread 0x00007f3c88157000 redefined class name=src.Board, count=1
Event: 912.392 Thread 0x00007f3c88157000 redefined class name=src.Solver, count=2
Event: 912.395 Thread 0x00007f3c88157000 redefined class name=src.Solver$CostSort, count=2
Event: 912.398 Thread 0x00007f3c88157000 redefined class name=src.Solver$State, count=2
Event: 1547.578 Thread 0x00007f3c88157000 redefined class name=src.Solver, count=3
Event: 1547.582 Thread 0x00007f3c88157000 redefined class name=src.Solver$CostSort, count=3
Event: 1547.593 Thread 0x00007f3c88157000 redefined class name=src.Solver$State, count=3

Internal exceptions (10 events):
Event: 0.549 Thread 0x00007f3c88015800 Exception <a 'java/lang/NoSuchMethodError'{0x000000008f469378}: java.lang.invoke.DirectMethodHandle$Holder.invokeStaticInit(Ljava/lang/Object;Ljava/lang/Object;)I> (0x000000008f469378) thrown at [/scratch/opt/mach5/mesos/work_dir/slaves/5af44a71-976a-41b7
Event: 0.564 Thread 0x00007f3c88015800 Exception <a 'java/lang/NoSuchMethodError'{0x000000008f4df2c0}: java.lang.Object.of([Ljava/lang/Object;)Ljava/util/stream/Stream;> (0x000000008f4df2c0) thrown at [/scratch/opt/mach5/mesos/work_dir/slaves/5af44a71-976a-41b7-81de-5773b84ec572-S39643/framewo
Event: 0.622 Thread 0x00007f3c88015800 Exception <a 'java/lang/NoSuchMethodError'{0x000000008f395118}: java.lang.invoke.DirectMethodHandle$Holder.invokeInterface(Ljava/lang/Object;Ljava/lang/Object;)V> (0x000000008f395118) thrown at [/scratch/opt/mach5/mesos/work_dir/slaves/5af44a71-976a-41b7-
Event: 0.623 Thread 0x00007f3c88015800 Exception <a 'java/lang/IncompatibleClassChangeError'{0x000000008f397d20}: Found class java.lang.Object, but interface was expected> (0x000000008f397d20) thrown at [/scratch/opt/mach5/mesos/work_dir/slaves/5af44a71-976a-41b7-81de-5773b84ec572-S39643/frame
Event: 0.624 Thread 0x00007f3c88015800 Exception <a 'java/lang/NoSuchMethodError'{0x000000008f39c6a0}: java.lang.Object.lambda$accept$0(Lorg/junit/platform/engine/TestDescriptor$Visitor;Lorg/junit/platform/engine/TestDescriptor;)V> (0x000000008f39c6a0) thrown at [/scratch/opt/mach5/mesos/work_
Event: 0.625 Thread 0x00007f3c88015800 Exception <a 'java/lang/NoSuchMethodError'{0x000000008f3a32e8}: java.lang.Object.containsTests(Lorg/junit/platform/engine/TestDescriptor;)Z> (0x000000008f3a32e8) thrown at [/scratch/opt/mach5/mesos/work_dir/slaves/5af44a71-976a-41b7-81de-5773b84ec572-S396
Event: 0.630 Thread 0x00007f3c88015800 Exception <a 'java/lang/NoSuchMethodError'{0x000000008f3b4d68}: java.lang.invoke.DirectMethodHandle$Holder.invokeSpecial(Ljava/lang/Object;Ljava/lang/Object;Ljava/lang/Object;Ljava/lang/Object;)V> (0x000000008f3b4d68) thrown at [/scratch/opt/mach5/mesos/w
Event: 0.720 Thread 0x00007f3c88015800 Exception <a 'java/lang/NoSuchMethodError'{0x000000008f2fadf0}: method resolution failed> (0x000000008f2fadf0) thrown at [/scratch/opt/mach5/mesos/work_dir/slaves/5af44a71-976a-41b7-81de-5773b84ec572-S39643/frameworks/1735e8a2-a1db-478c-8104-60c8b0af87dd-
Event: 0.750 Thread 0x00007f3c88015800 Exception <a 'java/lang/NoSuchMethodError'{0x000000008f1504e0}: java.lang.Object.lambda$andThen$1(Ljava/util/function/Function;Ljava/lang/Object;)Ljava/lang/Object;> (0x000000008f1504e0) thrown at [/scratch/opt/mach5/mesos/work_dir/slaves/5af44a71-976a-41
Event: 0.793 Thread 0x00007f3c88015800 Exception <a 'java/lang/NoSuchMethodError'{0x000000008f040270}: java.lang.invoke.DirectMethodHandle$Holder.invokeInterface(Ljava/lang/Object;Ljava/lang/Object;Ljava/lang/Object;)V> (0x000000008f040270) thrown at [/scratch/opt/mach5/mesos/work_dir/slaves/5

Events (10 events):
Event: 1547.765 Executing VM operation: GetOrSetLocal done
Event: 1547.768 Executing VM operation: GetFrameCount
Event: 1547.768 Executing VM operation: GetFrameCount done
Event: 1547.768 Executing VM operation: GetFrameLocation
Event: 1547.768 Executing VM operation: GetFrameLocation done
Event: 1547.769 Executing VM operation: GetFrameLocation
Event: 1547.769 Executing VM operation: GetFrameLocation done
Event: 1547.769 Executing VM operation: GetOrSetLocal
Event: 1547.769 Executing VM operation: GetOrSetLocal done
Event: 1547.802 Executing VM operation: GetOrSetLocal


Dynamic libraries:
00400000-00401000 r-xp 00000000 08:05 9310391                            /usr/lib/jvm/java-9-oracle/bin/java
00600000-00601000 rw-p 00000000 08:05 9310391                            /usr/lib/jvm/java-9-oracle/bin/java
02237000-02258000 rw-p 00000000 00:00 0                                  [heap]
88600000-8fe00000 rw-p 00000000 00:00 0 
8fe00000-100000000 ---p 00000000 00:00 0 
100000000-100120000 rw-p 00000000 00:00 0 
100120000-140000000 ---p 00000000 00:00 0 
7f3bf8000000-7f3bf8021000 rw-p 00000000 00:00 0 
7f3bf8021000-7f3bfc000000 ---p 00000000 00:00 0 
7f3c00000000-7f3c00021000 rw-p 00000000 00:00 0 
7f3c00021000-7f3c04000000 ---p 00000000 00:00 0 
7f3c04000000-7f3c04021000 rw-p 00000000 00:00 0 
7f3c04021000-7f3c08000000 ---p 00000000 00:00 0 
7f3c08000000-7f3c08025000 rw-p 00000000 00:00 0 
7f3c08025000-7f3c0c000000 ---p 00000000 00:00 0 
7f3c0c000000-7f3c0c027000 rw-p 00000000 00:00 0 
7f3c0c027000-7f3c10000000 ---p 00000000 00:00 0 
7f3c10000000-7f3c10021000 rw-p 00000000 00:00 0 
7f3c10021000-7f3c14000000 ---p 00000000 00:00 0 
7f3c14000000-7f3c14021000 rw-p 00000000 00:00 0 
7f3c14021000-7f3c18000000 ---p 00000000 00:00 0 
7f3c18000000-7f3c18243000 rw-p 00000000 00:00 0 
7f3c18243000-7f3c1c000000 ---p 00000000 00:00 0 
7f3c1c000000-7f3c1c358000 rw-p 00000000 00:00 0 
7f3c1c358000-7f3c20000000 ---p 00000000 00:00 0 
7f3c20000000-7f3c20021000 rw-p 00000000 00:00 0 
7f3c20021000-7f3c24000000 ---p 00000000 00:00 0 
7f3c24000000-7f3c24251000 rw-p 00000000 00:00 0 
7f3c24251000-7f3c28000000 ---p 00000000 00:00 0 
7f3c28000000-7f3c28021000 rw-p 00000000 00:00 0 
7f3c28021000-7f3c2c000000 ---p 00000000 00:00 0 
7f3c2c000000-7f3c2c021000 rw-p 00000000 00:00 0 
7f3c2c021000-7f3c30000000 ---p 00000000 00:00 0 
7f3c30000000-7f3c3006d000 rw-p 00000000 00:00 0 
7f3c3006d000-7f3c34000000 ---p 00000000 00:00 0 
7f3c34000000-7f3c34021000 rw-p 00000000 00:00 0 
7f3c34021000-7f3c38000000 ---p 00000000 00:00 0 
7f3c3a39d000-7f3c3a84b000 rw-p 00000000 00:00 0 
7f3c3a84b000-7f3c3a8cb000 ---p 00000000 00:00 0 
7f3c3a8cb000-7f3c3a8cc000 ---p 00000000 00:00 0 
7f3c3a8cc000-7f3c3a9cc000 rw-p 00000000 00:00 0 
7f3c3a9cc000-7f3c3a9d0000 ---p 00000000 00:00 0 
7f3c3a9d0000-7f3c3aacd000 rw-p 00000000 00:00 0 
7f3c3aacd000-7f3c3aad1000 ---p 00000000 00:00 0 
7f3c3aad1000-7f3c3abce000 rw-p 00000000 00:00 0 
7f3c3abce000-7f3c3abd2000 ---p 00000000 00:00 0 
7f3c3abd2000-7f3c3accf000 rw-p 00000000 00:00 0 
7f3c3accf000-7f3c3acd3000 ---p 00000000 00:00 0 
7f3c3acd3000-7f3c3add0000 rw-p 00000000 00:00 0 
7f3c3add0000-7f3c3add4000 r-xp 00000000 08:05 9309897                    /usr/lib/jvm/java-9-oracle/lib/libdt_socket.so
7f3c3add4000-7f3c3afd3000 ---p 00004000 08:05 9309897                    /usr/lib/jvm/java-9-oracle/lib/libdt_socket.so
7f3c3afd3000-7f3c3afd4000 rw-p 00003000 08:05 9309897                    /usr/lib/jvm/java-9-oracle/lib/libdt_socket.so
7f3c3afd4000-7f3c3afd8000 ---p 00000000 00:00 0 
7f3c3afd8000-7f3c3b0d5000 rw-p 00000000 00:00 0 
7f3c3b0d5000-7f3c3b0eb000 r-xp 00000000 08:05 9308406                    /usr/lib/jvm/java-9-oracle/lib/libnet.so
7f3c3b0eb000-7f3c3b2eb000 ---p 00016000 08:05 9308406                    /usr/lib/jvm/java-9-oracle/lib/libnet.so
7f3c3b2eb000-7f3c3b2ec000 rw-p 00016000 08:05 9308406                    /usr/lib/jvm/java-9-oracle/lib/libnet.so
7f3c3b2ec000-7f3c3b2fc000 r-xp 00000000 08:05 9308393                    /usr/lib/jvm/java-9-oracle/lib/libnio.so
7f3c3b2fc000-7f3c3b4fc000 ---p 00010000 08:05 9308393                    /usr/lib/jvm/java-9-oracle/lib/libnio.so
7f3c3b4fc000-7f3c3b4fd000 rw-p 00010000 08:05 9308393                    /usr/lib/jvm/java-9-oracle/lib/libnio.so
7f3c3b4fd000-7f3c3b501000 ---p 00000000 00:00 0 
7f3c3b501000-7f3c3b5fe000 rw-p 00000000 00:00 0 
7f3c3b5fe000-7f3c3b602000 ---p 00000000 00:00 0 
7f3c3b602000-7f3c3b6ff000 rw-p 00000000 00:00 0 
7f3c3b6ff000-7f3c3b703000 ---p 00000000 00:00 0 
7f3c3b703000-7f3c3c000000 rw-p 00000000 00:00 0 
7f3c3c000000-7f3c3c021000 rw-p 00000000 00:00 0 
7f3c3c021000-7f3c40000000 ---p 00000000 00:00 0 
7f3c40016000-7f3c4001a000 ---p 00000000 00:00 0 
7f3c4001a000-7f3c40117000 rw-p 00000000 00:00 0 
7f3c40117000-7f3c4011b000 ---p 00000000 00:00 0 
7f3c4011b000-7f3c40218000 rw-p 00000000 00:00 0 
7f3c40218000-7f3c42218000 rwxp 00000000 00:00 0 
7f3c42218000-7f3c423f8000 rw-p 00000000 00:00 0 
7f3c423f8000-7f3c44000000 ---p 00000000 00:00 0 
7f3c44000000-7f3c44021000 rw-p 00000000 00:00 0 
7f3c44021000-7f3c48000000 ---p 00000000 00:00 0 
7f3c48000000-7f3c48021000 rw-p 00000000 00:00 0 
7f3c48021000-7f3c4c000000 ---p 00000000 00:00 0 
7f3c4c000000-7f3c4c021000 rw-p 00000000 00:00 0 
7f3c4c021000-7f3c50000000 ---p 00000000 00:00 0 
7f3c50000000-7f3c50021000 rw-p 00000000 00:00 0 
7f3c50021000-7f3c54000000 ---p 00000000 00:00 0 
7f3c54000000-7f3c54021000 rw-p 00000000 00:00 0 
7f3c54021000-7f3c58000000 ---p 00000000 00:00 0 
7f3c58000000-7f3c58021000 rw-p 00000000 00:00 0 
7f3c58021000-7f3c5c000000 ---p 00000000 00:00 0 
7f3c5c041000-7f3c5c045000 ---p 00000000 00:00 0 
7f3c5c045000-7f3c5c142000 rw-p 00000000 00:00 0 
7f3c5c142000-7f3c5c146000 ---p 00000000 00:00 0 
7f3c5c146000-7f3c5c243000 rw-p 00000000 00:00 0 
7f3c5c243000-7f3c5c244000 ---p 00000000 00:00 0 
7f3c5c244000-7f3c5c819000 rw-p 00000000 00:00 0 
7f3c5c819000-7f3c5c81a000 ---p 00000000 00:00 0 
7f3c5c81a000-7f3c5c91a000 rw-p 00000000 00:00 0 
7f3c5c91a000-7f3c5c91b000 ---p 00000000 00:00 0 
7f3c5c91b000-7f3c5cbfb000 rw-p 00000000 00:00 0 
7f3c5cbfb000-7f3c5e803000 ---p 00000000 00:00 0 
7f3c5e803000-7f3c5e83f000 rw-p 00000000 00:00 0 
7f3c5e83f000-7f3c5ebc0000 ---p 00000000 00:00 0 
7f3c5ebc0000-7f3c5ebfc000 rw-p 00000000 00:00 0 
7f3c5ebfc000-7f3c5f33a000 ---p 00000000 00:00 0 
7f3c5f33a000-7f3c5f376000 rw-p 00000000 00:00 0 
7f3c5f376000-7f3c5f6f7000 ---p 00000000 00:00 0 
7f3c5f6f7000-7f3c5f6f8000 ---p 00000000 00:00 0 
7f3c5f6f8000-7f3c5f7f8000 rw-p 00000000 00:00 0 
7f3c5f7f8000-7f3c5f7f9000 ---p 00000000 00:00 0 
7f3c5f7f9000-7f3c5f8f9000 rw-p 00000000 00:00 0 
7f3c5f8f9000-7f3c5f8fa000 ---p 00000000 00:00 0 
7f3c5f8fa000-7f3c5f9fa000 rw-p 00000000 00:00 0 
7f3c5f9fa000-7f3c5f9fb000 ---p 00000000 00:00 0 
7f3c5f9fb000-7f3c5fafb000 rw-p 00000000 00:00 0 
7f3c5fafb000-7f3c5fafc000 ---p 00000000 00:00 0 
7f3c5fafc000-7f3c60000000 rw-p 00000000 00:00 0 
7f3c60000000-7f3c60021000 rw-p 00000000 00:00 0 
7f3c60021000-7f3c64000000 ---p 00000000 00:00 0 
7f3c64000000-7f3c64021000 rw-p 00000000 00:00 0 
7f3c64021000-7f3c68000000 ---p 00000000 00:00 0 
7f3c68000000-7f3c68021000 rw-p 00000000 00:00 0 
7f3c68021000-7f3c6c000000 ---p 00000000 00:00 0 
7f3c6c00e000-7f3c6c00f000 ---p 00000000 00:00 0 
7f3c6c00f000-7f3c6c10f000 rw-p 00000000 00:00 0 
7f3c6c10f000-7f3c6c110000 ---p 00000000 00:00 0 
7f3c6c110000-7f3c6c210000 rw-p 00000000 00:00 0 
7f3c6c210000-7f3c6c211000 ---p 00000000 00:00 0 
7f3c6c211000-7f3c6c311000 rw-p 00000000 00:00 0 
7f3c6c311000-7f3c6c312000 ---p 00000000 00:00 0 
7f3c6c312000-7f3c6c417000 rw-p 00000000 00:00 0 
7f3c6c417000-7f3c6c4fd000 ---p 00000000 00:00 0 
7f3c6c4fd000-7f3c6c502000 rw-p 00000000 00:00 0 
7f3c6c502000-7f3c6c5e8000 ---p 00000000 00:00 0 
7f3c6c5e8000-7f3c6c858000 rwxp 00000000 00:00 0 
7f3c6c858000-7f3c6cb78000 ---p 00000000 00:00 0 
7f3c6cb78000-7f3c6cde8000 rwxp 00000000 00:00 0 
7f3c6cde8000-7f3c740b0000 ---p 00000000 00:00 0 
7f3c740b0000-7f3c74320000 rwxp 00000000 00:00 0 
7f3c74320000-7f3c7b5e8000 ---p 00000000 00:00 0 
7f3c7b5e8000-7f3c86aa5000 r--s 00000000 08:05 9308212                    /usr/lib/jvm/java-9-oracle/lib/modules
7f3c86aa5000-7f3c86abf000 r-xp 00000000 08:05 9308194                    /usr/lib/jvm/java-9-oracle/lib/libjimage.so
7f3c86abf000-7f3c86cbe000 ---p 0001a000 08:05 9308194                    /usr/lib/jvm/java-9-oracle/lib/libjimage.so
7f3c86cbe000-7f3c86cc0000 rw-p 00019000 08:05 9308194                    /usr/lib/jvm/java-9-oracle/lib/libjimage.so
7f3c86cc0000-7f3c86cd2000 rw-p 00000000 00:00 0 
7f3c86cd2000-7f3c86cd9000 r-xp 00000000 08:05 9308381                    /usr/lib/jvm/java-9-oracle/lib/libzip.so
7f3c86cd9000-7f3c86ed8000 ---p 00007000 08:05 9308381                    /usr/lib/jvm/java-9-oracle/lib/libzip.so
7f3c86ed8000-7f3c86ed9000 rw-p 00006000 08:05 9308381                    /usr/lib/jvm/java-9-oracle/lib/libzip.so
7f3c86ed9000-7f3c86ee3000 r-xp 00000000 08:05 9044447                    /lib/x86_64-linux-gnu/libnss_files-2.19.so
7f3c86ee3000-7f3c870e2000 ---p 0000a000 08:05 9044447                    /lib/x86_64-linux-gnu/libnss_files-2.19.so
7f3c870e2000-7f3c870e3000 r--p 00009000 08:05 9044447                    /lib/x86_64-linux-gnu/libnss_files-2.19.so
7f3c870e3000-7f3c870e4000 rw-p 0000a000 08:05 9044447                    /lib/x86_64-linux-gnu/libnss_files-2.19.so
7f3c870e4000-7f3c870ef000 r-xp 00000000 08:05 9044459                    /lib/x86_64-linux-gnu/libnss_nis-2.19.so
7f3c870ef000-7f3c872ee000 ---p 0000b000 08:05 9044459                    /lib/x86_64-linux-gnu/libnss_nis-2.19.so
7f3c872ee000-7f3c872ef000 r--p 0000a000 08:05 9044459                    /lib/x86_64-linux-gnu/libnss_nis-2.19.so
7f3c872ef000-7f3c872f0000 rw-p 0000b000 08:05 9044459                    /lib/x86_64-linux-gnu/libnss_nis-2.19.so
7f3c872f0000-7f3c87307000 r-xp 00000000 08:05 9044474                    /lib/x86_64-linux-gnu/libnsl-2.19.so
7f3c87307000-7f3c87506000 ---p 00017000 08:05 9044474                    /lib/x86_64-linux-gnu/libnsl-2.19.so
7f3c87506000-7f3c87507000 r--p 00016000 08:05 9044474                    /lib/x86_64-linux-gnu/libnsl-2.19.so
7f3c87507000-7f3c87508000 rw-p 00017000 08:05 9044474                    /lib/x86_64-linux-gnu/libnsl-2.19.so
7f3c87508000-7f3c8750a000 rw-p 00000000 00:00 0 
7f3c8750a000-7f3c87513000 r-xp 00000000 08:05 9044461                    /lib/x86_64-linux-gnu/libnss_compat-2.19.so
7f3c87513000-7f3c87712000 ---p 00009000 08:05 9044461                    /lib/x86_64-linux-gnu/libnss_compat-2.19.so
7f3c87712000-7f3c87713000 r--p 00008000 08:05 9044461                    /lib/x86_64-linux-gnu/libnss_compat-2.19.so
7f3c87713000-7f3c87714000 rw-p 00009000 08:05 9044461                    /lib/x86_64-linux-gnu/libnss_compat-2.19.so
7f3c87714000-7f3c87df6000 r--p 00000000 08:05 8264582                    /usr/lib/locale/locale-archive
7f3c87df6000-7f3c87e00000 r-xp 00000000 08:05 9308195                    /usr/lib/jvm/java-9-oracle/lib/libinstrument.so
7f3c87e00000-7f3c87fff000 ---p 0000a000 08:05 9308195                    /usr/lib/jvm/java-9-oracle/lib/libinstrument.so
7f3c87fff000-7f3c88000000 rw-p 00009000 08:05 9308195                    /usr/lib/jvm/java-9-oracle/lib/libinstrument.so
7f3c88000000-7f3c884d6000 rw-p 00000000 00:00 0 
7f3c884d6000-7f3c8c000000 ---p 00000000 00:00 0 
7f3c8c037000-7f3c8c072000 r-xp 00000000 08:05 9310371                    /usr/lib/jvm/java-9-oracle/lib/libjdwp.so
7f3c8c072000-7f3c8c271000 ---p 0003b000 08:05 9310371                    /usr/lib/jvm/java-9-oracle/lib/libjdwp.so
7f3c8c271000-7f3c8c272000 rw-p 0003a000 08:05 9310371                    /usr/lib/jvm/java-9-oracle/lib/libjdwp.so
7f3c8c272000-7f3c8c273000 rw-p 00000000 00:00 0 
7f3c8c273000-7f3c8c29e000 r-xp 00000000 08:05 9308388                    /usr/lib/jvm/java-9-oracle/lib/libjava.so
7f3c8c29e000-7f3c8c49d000 ---p 0002b000 08:05 9308388                    /usr/lib/jvm/java-9-oracle/lib/libjava.so
7f3c8c49d000-7f3c8c49f000 rw-p 0002a000 08:05 9308388                    /usr/lib/jvm/java-9-oracle/lib/libjava.so
7f3c8c49f000-7f3c8c4ac000 r-xp 00000000 08:05 9308214                    /usr/lib/jvm/java-9-oracle/lib/libverify.so
7f3c8c4ac000-7f3c8c6ab000 ---p 0000d000 08:05 9308214                    /usr/lib/jvm/java-9-oracle/lib/libverify.so
7f3c8c6ab000-7f3c8c6ad000 rw-p 0000c000 08:05 9308214                    /usr/lib/jvm/java-9-oracle/lib/libverify.so
7f3c8c6ad000-7f3c8c6b4000 r-xp 00000000 08:05 9044472                    /lib/x86_64-linux-gnu/librt-2.19.so
7f3c8c6b4000-7f3c8c8b3000 ---p 00007000 08:05 9044472                    /lib/x86_64-linux-gnu/librt-2.19.so
7f3c8c8b3000-7f3c8c8b4000 r--p 00006000 08:05 9044472                    /lib/x86_64-linux-gnu/librt-2.19.so
7f3c8c8b4000-7f3c8c8b5000 rw-p 00007000 08:05 9044472                    /lib/x86_64-linux-gnu/librt-2.19.so
7f3c8c8b5000-7f3c8c9ba000 r-xp 00000000 08:05 9044463                    /lib/x86_64-linux-gnu/libm-2.19.so
7f3c8c9ba000-7f3c8cbb9000 ---p 00105000 08:05 9044463                    /lib/x86_64-linux-gnu/libm-2.19.so
7f3c8cbb9000-7f3c8cbba000 r--p 00104000 08:05 9044463                    /lib/x86_64-linux-gnu/libm-2.19.so
7f3c8cbba000-7f3c8cbbb000 rw-p 00105000 08:05 9044463                    /lib/x86_64-linux-gnu/libm-2.19.so
7f3c8cbbb000-7f3c8dbd0000 r-xp 00000000 08:05 11016043                   /usr/lib/jvm/java-9-oracle/lib/server/libjvm.so
7f3c8dbd0000-7f3c8ddcf000 ---p 01015000 08:05 11016043                   /usr/lib/jvm/java-9-oracle/lib/server/libjvm.so
7f3c8ddcf000-7f3c8dea0000 r--p 01014000 08:05 11016043                   /usr/lib/jvm/java-9-oracle/lib/server/libjvm.so
7f3c8dea0000-7f3c8ded7000 rw-p 010e5000 08:05 11016043                   /usr/lib/jvm/java-9-oracle/lib/server/libjvm.so
7f3c8ded7000-7f3c8df40000 rw-p 00000000 00:00 0 
7f3c8df40000-7f3c8e0fe000 r-xp 00000000 08:05 9044479                    /lib/x86_64-linux-gnu/libc-2.19.so
7f3c8e0fe000-7f3c8e2fe000 ---p 001be000 08:05 9044479                    /lib/x86_64-linux-gnu/libc-2.19.so
7f3c8e2fe000-7f3c8e302000 r--p 001be000 08:05 9044479                    /lib/x86_64-linux-gnu/libc-2.19.so
7f3c8e302000-7f3c8e304000 rw-p 001c2000 08:05 9044479                    /lib/x86_64-linux-gnu/libc-2.19.so
7f3c8e304000-7f3c8e309000 rw-p 00000000 00:00 0 
7f3c8e309000-7f3c8e30c000 r-xp 00000000 08:05 9044475                    /lib/x86_64-linux-gnu/libdl-2.19.so
7f3c8e30c000-7f3c8e50b000 ---p 00003000 08:05 9044475                    /lib/x86_64-linux-gnu/libdl-2.19.so
7f3c8e50b000-7f3c8e50c000 r--p 00002000 08:05 9044475                    /lib/x86_64-linux-gnu/libdl-2.19.so
7f3c8e50c000-7f3c8e50d000 rw-p 00003000 08:05 9044475                    /lib/x86_64-linux-gnu/libdl-2.19.so
7f3c8e50d000-7f3c8e51b000 r-xp 00000000 08:05 11016047                   /usr/lib/jvm/java-9-oracle/lib/jli/libjli.so
7f3c8e51b000-7f3c8e71b000 ---p 0000e000 08:05 11016047                   /usr/lib/jvm/java-9-oracle/lib/jli/libjli.so
7f3c8e71b000-7f3c8e71c000 rw-p 0000e000 08:05 11016047                   /usr/lib/jvm/java-9-oracle/lib/jli/libjli.so
7f3c8e71c000-7f3c8e735000 r-xp 00000000 08:05 9044471                    /lib/x86_64-linux-gnu/libpthread-2.19.so
7f3c8e735000-7f3c8e934000 ---p 00019000 08:05 9044471                    /lib/x86_64-linux-gnu/libpthread-2.19.so
7f3c8e934000-7f3c8e935000 r--p 00018000 08:05 9044471                    /lib/x86_64-linux-gnu/libpthread-2.19.so
7f3c8e935000-7f3c8e936000 rw-p 00019000 08:05 9044471                    /lib/x86_64-linux-gnu/libpthread-2.19.so
7f3c8e936000-7f3c8e93a000 rw-p 00000000 00:00 0 
7f3c8e93a000-7f3c8e952000 r-xp 00000000 08:05 9048643                    /lib/x86_64-linux-gnu/libz.so.1.2.8
7f3c8e952000-7f3c8eb51000 ---p 00018000 08:05 9048643                    /lib/x86_64-linux-gnu/libz.so.1.2.8
7f3c8eb51000-7f3c8eb52000 r--p 00017000 08:05 9048643                    /lib/x86_64-linux-gnu/libz.so.1.2.8
7f3c8eb52000-7f3c8eb53000 rw-p 00018000 08:05 9048643                    /lib/x86_64-linux-gnu/libz.so.1.2.8
7f3c8eb53000-7f3c8eb76000 r-xp 00000000 08:05 9044466                    /lib/x86_64-linux-gnu/ld-2.19.so
7f3c8eb94000-7f3c8eb9b000 r--s 00000000 08:05 8660295                    /usr/lib/x86_64-linux-gnu/gconv/gconv-modules.cache
7f3c8eb9b000-7f3c8ec53000 rw-p 00000000 00:00 0 
7f3c8ec53000-7f3c8ec58000 ---p 00000000 00:00 0 
7f3c8ec58000-7f3c8ed59000 rw-p 00000000 00:00 0 
7f3c8ed5b000-7f3c8ed62000 rw-p 00000000 00:00 0 
7f3c8ed62000-7f3c8ed69000 ---p 00000000 00:00 0 
7f3c8ed69000-7f3c8ed6b000 r--s 00001000 08:05 1840677                    /opt/intellij-idea-community/lib/rt/debugger-agent-storage.jar
7f3c8ed6b000-7f3c8ed73000 rw-s 00000000 08:05 1841817                    /tmp/hsperfdata_noah/10360
7f3c8ed73000-7f3c8ed74000 rw-p 00000000 00:00 0 
7f3c8ed74000-7f3c8ed75000 ---p 00000000 00:00 0 
7f3c8ed75000-7f3c8ed76000 r--p 00022000 08:05 9044466                    /lib/x86_64-linux-gnu/ld-2.19.so
7f3c8ed76000-7f3c8ed77000 rw-p 00023000 08:05 9044466                    /lib/x86_64-linux-gnu/ld-2.19.so
7f3c8ed77000-7f3c8ed78000 rw-p 00000000 00:00 0 
7ffd5009c000-7ffd500be000 rw-p 00000000 00:00 0                          [stack]
7ffd500fb000-7ffd500fd000 r--p 00000000 00:00 0                          [vvar]
7ffd500fd000-7ffd500ff000 r-xp 00000000 00:00 0                          [vdso]
ffffffffff600000-ffffffffff601000 r-xp 00000000 00:00 0                  [vsyscall]

VM Arguments:
jvm_args: -agentlib:jdwp=transport=dt_socket,address=127.0.0.1:43698,suspend=y,server=n -ea -Didea.test.cyclic.buffer.size=1048576 -javaagent:/opt/intellij-idea-community/lib/rt/debugger-agent.jar=/tmp/capture.props -Dfile.encoding=UTF-8 
java_command: com.intellij.rt.execution.junit.JUnitStarter -ideVersion5 -junit5 PuzzleTest,testSolverEasy
java_class_path (initial): /opt/intellij-idea-community/lib/idea_rt.jar:/opt/intellij-idea-community/plugins/junit/lib/junit-rt.jar:/opt/intellij-idea-community/plugins/junit/lib/junit5-rt.jar:/home/noah/.m2/repository/org/junit/platform/junit-platform-launcher/1.0.0/junit-platform-launcher-1.0.0.jar:/home/noah/.m2/repository/org/apiguardian/apiguardian-api/1.0.0/apiguardian-api-1.0.0.jar:/home/noah/.m2/repository/org/junit/platform/junit-platform-engine/1.0.0/junit-platform-engine-1.0.0.jar:/home/noah/.m2/repository/org/junit/platform/junit-platform-commons/1.0.0/junit-platform-commons-1.0.0.jar:/home/noah/.m2/repository/org/opentest4j/opentest4j/1.0.0/opentest4j-1.0.0.jar:/home/noah/.m2/repository/org/junit/jupiter/junit-jupiter-engine/5.0.0/junit-jupiter-engine-5.0.0.jar:/home/noah/.m2/repository/org/junit/jupiter/junit-jupiter-api/5.0.0/junit-jupiter-api-5.0.0.jar:/home/noah/EightPuzzle/DSA-18/graphs/test/DSA-18:/home/noah/EightPuzzle/DSA-18/graphs/production/DSA-18
Launcher Type: SUN_STANDARD

Logging:
Log output configuration:
#0: stdout all=warning uptime,level,tags
#1: stderr all=off uptime,level,tags

Environment Variables:
JAVA_HOME=/usr/lib/jvm/java-9-oracle
PATH=/usr/local/sbin:/usr/local/bin:/usr/sbin:/usr/bin:/sbin:/bin:/usr/games:/usr/local/games:/usr/lib/jvm/java-9-oracle/bin:/usr/lib/jvm/java-9-oracle/db/bin
SHELL=/bin/bash
DISPLAY=:0

Signal Handlers:
SIGSEGV: [libjvm.so+0xd4d370], sa_mask[0]=11111111011111111101111111111110, sa_flags=SA_RESTART|SA_SIGINFO
SIGBUS: [libjvm.so+0xd4d370], sa_mask[0]=11111111011111111101111111111110, sa_flags=SA_RESTART|SA_SIGINFO
SIGFPE: [libjvm.so+0xd4d370], sa_mask[0]=11111111011111111101111111111110, sa_flags=SA_RESTART|SA_SIGINFO
SIGPIPE: [libjvm.so+0xb64780], sa_mask[0]=11111111011111111101111111111110, sa_flags=SA_RESTART|SA_SIGINFO
SIGXFSZ: [libjvm.so+0xb64780], sa_mask[0]=11111111011111111101111111111110, sa_flags=SA_RESTART|SA_SIGINFO
SIGILL: [libjvm.so+0xd4d370], sa_mask[0]=11111111011111111101111111111110, sa_flags=SA_RESTART|SA_SIGINFO
SIGUSR2: [libjvm.so+0xb64640], sa_mask[0]=00100000000000000000000000000000, sa_flags=SA_RESTART|SA_SIGINFO
SIGHUP: [libjvm.so+0xb64850], sa_mask[0]=11111111011111111101111111111110, sa_flags=SA_RESTART|SA_SIGINFO
SIGINT: [libjvm.so+0xb64850], sa_mask[0]=11111111011111111101111111111110, sa_flags=SA_RESTART|SA_SIGINFO
SIGTERM: [libjvm.so+0xb64850], sa_mask[0]=11111111011111111101111111111110, sa_flags=SA_RESTART|SA_SIGINFO
SIGQUIT: [libjvm.so+0xb64850], sa_mask[0]=11111111011111111101111111111110, sa_flags=SA_RESTART|SA_SIGINFO


---------------  S Y S T E M  ---------------

OS:DISTRIB_ID=Ubuntu
DISTRIB_RELEASE=14.04
DISTRIB_CODENAME=trusty
DISTRIB_DESCRIPTION="Ubuntu 14.04.5 LTS"
uname:Linux 4.4.0-96-generic #119~14.04.1-Ubuntu SMP Wed Sep 13 08:40:48 UTC 2017 x86_64
libc:glibc 2.19 NPTL 2.19 
rlimit: STACK 8192k, CORE 0k, NPROC 30505, NOFILE 4096, AS infinity
load average:0.77 0.87 0.81

/proc/meminfo:
MemTotal:        7834656 kB
MemFree:         1534720 kB
MemAvailable:    3157480 kB
Buffers:          262588 kB
Cached:          2022700 kB
SwapCached:            0 kB
Active:          4625460 kB
Inactive:        1261880 kB
Active(anon):    3611472 kB
Inactive(anon):   528048 kB
Active(file):    1013988 kB
Inactive(file):   733832 kB
Unevictable:         288 kB
Mlocked:             288 kB
SwapTotal:       8042492 kB
SwapFree:        8042492 kB
Dirty:             16320 kB
Writeback:             0 kB
AnonPages:       3606704 kB
Mapped:           762572 kB
Shmem:            537216 kB
Slab:             228988 kB
SReclaimable:     182792 kB
SUnreclaim:        46196 kB
KernelStack:       14816 kB
PageTables:        63032 kB
NFS_Unstable:          0 kB
Bounce:                0 kB
WritebackTmp:          0 kB
CommitLimit:    11959820 kB
Committed_AS:   11181512 kB
VmallocTotal:   34359738367 kB
VmallocUsed:           0 kB
VmallocChunk:          0 kB
HardwareCorrupted:     0 kB
AnonHugePages:   1478656 kB
CmaTotal:              0 kB
CmaFree:               0 kB
HugePages_Total:       0
HugePages_Free:        0
HugePages_Rsvd:        0
HugePages_Surp:        0
Hugepagesize:       2048 kB
DirectMap4k:      189912 kB
DirectMap2M:     6805504 kB
DirectMap1G:     2097152 kB


CPU:total 4 (initial active 4) (2 cores per cpu, 2 threads per core) family 6 model 78 stepping 3, cmov, cx8, fxsr, mmx, sse, sse2, sse3, ssse3, sse4.1, sse4.2, popcnt, avx, avx2, aes, clmul, erms, rtm, 3dnowpref, lzcnt, ht, tsc, tscinvbit, bmi1, bmi2, adx, fma
CPU Model and flags from /proc/cpuinfo:
model name	: Intel(R) Core(TM) i7-6600U CPU @ 2.60GHz
flags		: fpu vme de pse tsc msr pae mce cx8 apic sep mtrr pge mca cmov pat pse36 clflush dts acpi mmx fxsr sse sse2 ss ht tm pbe syscall nx pdpe1gb rdtscp lm constant_tsc art arch_perfmon pebs bts rep_good nopl xtopology nonstop_tsc aperfmperf eagerfpu pni pclmulqdq dtes64 monitor ds_cpl vmx smx est tm2 ssse3 sdbg fma cx16 xtpr pdcm pcid sse4_1 sse4_2 x2apic movbe popcnt tsc_deadline_timer aes xsave avx f16c rdrand lahf_lm abm 3dnowprefetch epb intel_pt tpr_shadow vnmi flexpriority ept vpid fsgsbase tsc_adjust bmi1 hle avx2 smep bmi2 erms invpcid rtm mpx rdseed adx smap clflushopt xsaveopt xsavec xgetbv1 dtherm ida arat pln pts hwp hwp_notify hwp_act_window hwp_epp

Memory: 4k page, physical 7834656k(1534720k free), swap 8042492k(8042492k free)

vm_info: Java HotSpot(TM) 64-Bit Server VM (9.0.4+11) for linux-amd64 JRE (9.0.4+11), built on Dec 19 2017 18:12:19 by "mach5one" with gcc 4.9.2

END.
