#
# A fatal error has been detected by the Java Runtime Environment:
#
#  SIGSEGV (0xb) at pc=0x00007f07a87e6780, pid=10735, tid=10748
#
# JRE version: Java(TM) SE Runtime Environment (9.0+11) (build 9.0.4+11)
# Java VM: Java HotSpot(TM) 64-Bit Server VM (9.0.4+11, mixed mode, tiered, compressed oops, g1 gc, linux-amd64)
# Problematic frame:
# V  [libjvm.so+0xc4f780]  SignatureIterator::iterate_returntype()+0x20
#
# Core dump will be written. Default location: Core dumps may be processed with "/usr/share/apport/apport %p %s %c %P" (or dumping to /home/noah/EightPuzzle/DSA-18/core.10735)
#
# If you would like to submit a bug report, please visit:
#   http://bugreport.java.com/bugreport/crash.jsp
#

---------------  S U M M A R Y ------------

Command Line: -agentlib:jdwp=transport=dt_socket,address=127.0.0.1:36146,suspend=y,server=n -ea -Didea.test.cyclic.buffer.size=1048576 -javaagent:/opt/intellij-idea-community/lib/rt/debugger-agent.jar=/tmp/capture.props -Dfile.encoding=UTF-8 com.intellij.rt.execution.junit.JUnitStarter -ideVersion5 -junit5 PuzzleTest,testSolverEasy

Host: Intel(R) Core(TM) i7-6600U CPU @ 2.60GHz, 4 cores, 7G, Ubuntu 14.04.5 LTS
Time: Mon Apr  9 07:45:34 2018 EDT elapsed time: 1025 seconds (0d 0h 17m 5s)

---------------  T H R E A D  ---------------

Current thread (0x00007f07a0157000):  VMThread "VM Thread" [stack: 0x00007f078480a000,0x00007f078490a000] [id=10748]

Stack: [0x00007f078480a000,0x00007f078490a000],  sp=0x00007f0784907ef0,  free space=1015k
Native frames: (J=compiled Java code, A=aot compiled Java code, j=interpreted, Vv=VM code, C=native code)
V  [libjvm.so+0xc4f780]  SignatureIterator::iterate_returntype()+0x20
V  [libjvm.so+0x7a9039]  GenerateOopMap::do_method(int, int, int, int)+0x79
V  [libjvm.so+0x7ad413]  GenerateOopMap::interp1(BytecodeStream*)+0xb73
V  [libjvm.so+0x7ae2f4]  GenerateOopMap::interp_bb(BasicBlock*)+0x144
V  [libjvm.so+0x7b021f]  GenerateOopMap::do_interpretation()+0x9f
V  [libjvm.so+0x7b05fb]  GenerateOopMap::compute_map(Thread*)+0x26b
V  [libjvm.so+0xb5a587]  OopMapForCacheEntry::compute_map(Thread*)+0x67
V  [libjvm.so+0xb5b1fc]  OopMapCacheEntry::fill(methodHandle, int)+0x12c
V  [libjvm.so+0xb5ba42]  OopMapCache::compute_one_oop_map(methodHandle const&, int, InterpreterOopMap*)+0x102
V  [libjvm.so+0xb5bd56]  OopMapCache::lookup(methodHandle const&, int, InterpreterOopMap*) const+0x216
V  [libjvm.so+0xafb584]  Method::mask_for(int, InterpreterOopMap*)+0x74
V  [libjvm.so+0x9a5a4d]  VM_GetOrSetLocal::doit()+0x4d
V  [libjvm.so+0xd5d4f9]  VM_Operation::evaluate()+0x59
V  [libjvm.so+0xd5b243]  VMThread::evaluate_operation(VM_Operation*)+0xc3
V  [libjvm.so+0xd5b7b0]  VMThread::loop()+0x210
V  [libjvm.so+0xd5bcc2]  VMThread::run()+0x72
V  [libjvm.so+0xb6e132]  thread_native_entry(Thread*)+0xf2


siginfo: si_signo: 11 (SIGSEGV), si_code: 1 (SEGV_MAPERR), si_addr: 0x0000000000000006

Register to memory mapping:

RAX=0x00007f0784907f30 is an unknown value
RBX=0x00007f0784907f40 is an unknown value
RCX=0x000000000000ca11 is an unknown value
RDX=0x0000000000000001 is an unknown value
RSP=0x00007f0784907ef0 is an unknown value
RBP=0x00007f0784907f10 is an unknown value
RSI=0x0000000000000000 is an unknown value
RDI=0x00007f0784907f40 is an unknown value
R8 =0x0000000000000059 is an unknown value
R9 =0x0000000000000000 is an unknown value
R10=0x00007f07a8eb9880: <offset 0x0000000001322880> in /usr/lib/jvm/java-9-oracle/lib/server/libjvm.so at 0x00007f07a7b97000
R11=0x00007f07a90a7550: <offset 0x000000000018b550> in /lib/x86_64-linux-gnu/libc.so.6 at 0x00007f07a8f1c000
R12=0x00007f0784907f40 is an unknown value
R13=0x0000000000000000 is an unknown value
R14=0x00007f07849088c0 is an unknown value
R15=0x0000000000000000 is an unknown value


Registers:
RAX=0x00007f0784907f30, RBX=0x00007f0784907f40, RCX=0x000000000000ca11, RDX=0x0000000000000001
RSP=0x00007f0784907ef0, RBP=0x00007f0784907f10, RSI=0x0000000000000000, RDI=0x00007f0784907f40
R8 =0x0000000000000059, R9 =0x0000000000000000, R10=0x00007f07a8eb9880, R11=0x00007f07a90a7550
R12=0x00007f0784907f40, R13=0x0000000000000000, R14=0x00007f07849088c0, R15=0x0000000000000000
RIP=0x00007f07a87e6780, EFLAGS=0x0000000000010206, CSGSFS=0x0000000000000033, ERR=0x0000000000000004
  TRAPNO=0x000000000000000e

Top of Stack: (sp=0x00007f0784907ef0)
0x00007f0784907ef0:   00007f0784907f10 00007f0784907f40
0x00007f0784907f00:   0000000000000059 00007f07a8eb94c0
0x00007f0784907f10:   00007f07849085b0 00007f07a8340039
0x00007f0784907f20:   00007f0784907f30 000000004fffffff 

Instructions: (pc=0x00007f07a87e6780)
0x00007f07a87e6760:   55 ba 01 00 00 00 48 89 e5 41 55 41 54 53 49 89
0x00007f07a87e6770:   fc 48 83 ec 08 4c 8b 6f 08 c7 47 10 00 00 00 00
0x00007f07a87e6780:   41 80 7d 06 28 74 31 48 8d 15 a6 ac 1c 00 48 8d
0x00007f07a87e6790:   3d fb ac 1c 00 31 c0 b9 28 00 00 00 be 35 00 00 

VM_Operation (0x00007f0755dfaa30): GetOrSetLocal, mode: safepoint, requested by thread 0x00007f07a0266000


---------------  P R O C E S S  ---------------

Java Threads: ( => current thread )
  0x00007f07a02e6800 JavaThread "Service Thread" daemon [_thread_blocked, id=10762, stack(0x00007f07559f8000,0x00007f0755af9000)]
  0x00007f0724001000 JavaThread "JDWP Command Reader" daemon [_thread_in_native, id=10761, stack(0x00007f0755af9000,0x00007f0755bfa000)]
  0x00007f07a026a000 JavaThread "JDWP Event Helper Thread" daemon [_thread_blocked, id=10760, stack(0x00007f0755bfa000,0x00007f0755cfb000)]
  0x00007f07a0266000 JavaThread "JDWP Transport Listener: dt_socket" daemon [_thread_blocked, id=10757, stack(0x00007f0755cfb000,0x00007f0755dfc000)]
  0x00007f07a01c7000 JavaThread "Common-Cleaner" daemon [_thread_blocked, id=10756, stack(0x00007f0784001000,0x00007f0784102000)]
  0x00007f07a018a800 JavaThread "Sweeper thread" daemon [_thread_blocked, id=10755, stack(0x00007f0784102000,0x00007f0784203000)]
  0x00007f07a0188800 JavaThread "C1 CompilerThread2" daemon [_thread_blocked, id=10754, stack(0x00007f0784203000,0x00007f0784304000)]
  0x00007f07a0186800 JavaThread "C2 CompilerThread1" daemon [_thread_blocked, id=10753, stack(0x00007f0784304000,0x00007f0784405000)]
  0x00007f07a0184800 JavaThread "C2 CompilerThread0" daemon [_thread_blocked, id=10752, stack(0x00007f0784405000,0x00007f0784506000)]
  0x00007f07a0183000 JavaThread "Signal Dispatcher" daemon [_thread_blocked, id=10751, stack(0x00007f0784506000,0x00007f0784607000)]
  0x00007f07a0169000 JavaThread "Finalizer" daemon [_thread_blocked, id=10750, stack(0x00007f0784607000,0x00007f0784708000)]
  0x00007f07a0160800 JavaThread "Reference Handler" daemon [_thread_blocked, id=10749, stack(0x00007f0784708000,0x00007f0784809000)]
  0x00007f07a0015800 JavaThread "main" [_thread_blocked, id=10736, stack(0x00007f07a9c30000,0x00007f07a9d30000)]

Other Threads:
=>0x00007f07a0157000 VMThread "VM Thread" [stack: 0x00007f078480a000,0x00007f078490a000] [id=10748]
  0x00007f07a02ea000 WatcherThread [stack: 0x00007f07558f8000,0x00007f07559f8000] [id=10763]
  0x00007f07a002d800 GCTaskThread "GC Thread#0" [stack: 0x00007f07a57e2000,0x00007f07a58e2000] [id=10737]
  0x00007f07a002f000 GCTaskThread "GC Thread#1" [stack: 0x00007f07a56e1000,0x00007f07a57e1000] [id=10738]
  0x00007f07a0030800 GCTaskThread "GC Thread#2" [stack: 0x00007f07a55e0000,0x00007f07a56e0000] [id=10739]
  0x00007f07a0032000 GCTaskThread "GC Thread#3" [stack: 0x00007f07a54df000,0x00007f07a55df000] [id=10740]
  0x00007f07a0060000 ConcurrentGCThread "G1 Main Marker" [stack: 0x00007f0785686000,0x00007f0785786000] [id=10746]
  0x00007f07a0061800 ConcurrentGCThread "G1 Marker#0" [stack: 0x00007f0785585000,0x00007f0785685000] [id=10747]
  0x00007f07a0039800 ConcurrentGCThread "G1 Refine#0" [stack: 0x00007f07a4cd7000,0x00007f07a4dd7000] [id=10744]
  0x00007f07a0038000 ConcurrentGCThread "G1 Refine#1" [stack: 0x00007f07a4dd8000,0x00007f07a4ed8000] [id=10743]
  0x00007f07a0036000 ConcurrentGCThread "G1 Refine#2" [stack: 0x00007f07a4ed9000,0x00007f07a4fd9000] [id=10742]
  0x00007f07a0034000 ConcurrentGCThread "G1 Refine#3" [stack: 0x00007f07a4fda000,0x00007f07a50da000] [id=10741]
  0x00007f07a003b800 ConcurrentGCThread "G1 Young RemSet Sampling" [stack: 0x00007f07a4bd6000,0x00007f07a4cd6000] [id=10745]

Threads with active compile tasks:

VM state:at safepoint (normal execution)

VM Mutex/Monitor currently owned by a thread:  ([mutex/lock_event])
[0x00007f07a0011d10] Threads_lock - owner thread: 0x00007f07a0157000

Heap address: 0x0000000088600000, size: 1914 MB, Compressed Oops mode: 32-bit
Narrow klass base: 0x0000000000000000, Narrow klass shift: 3
Compressed class space size: 1073741824 Address: 0x0000000100000000

Heap:
 garbage-first heap   total 122880K, used 13312K [0x0000000088600000, 0x00000000887003c0, 0x0000000100000000)
  region size 1024K, 14 young (14336K), 0 survivors (0K)
 Metaspace       used 9917K, capacity 10708K, committed 10880K, reserved 1058816K
  class space    used 1000K, capacity 1136K, committed 1152K, reserved 1048576K
Heap Regions: E=young(eden), S=young(survivor), O=old, HS=humongous(starts), HC=humongous(continues), CS=collection set, F=free, A=archive, TS=gc time stamp, AC=allocation context, TAMS=top-at-mark-start (previous, next)
|   0|0x0000000088600000, 0x0000000088600000, 0x0000000088700000|  0%| F|  |TS  0|AC  0|TAMS 0x0000000088600000, 0x0000000088600000|
|   1|0x0000000088700000, 0x0000000088700000, 0x0000000088800000|  0%| F|  |TS  0|AC  0|TAMS 0x0000000088700000, 0x0000000088700000|
|   2|0x0000000088800000, 0x0000000088800000, 0x0000000088900000|  0%| F|  |TS  0|AC  0|TAMS 0x0000000088800000, 0x0000000088800000|
|   3|0x0000000088900000, 0x0000000088900000, 0x0000000088a00000|  0%| F|  |TS  0|AC  0|TAMS 0x0000000088900000, 0x0000000088900000|
|   4|0x0000000088a00000, 0x0000000088a00000, 0x0000000088b00000|  0%| F|  |TS  0|AC  0|TAMS 0x0000000088a00000, 0x0000000088a00000|
|   5|0x0000000088b00000, 0x0000000088b00000, 0x0000000088c00000|  0%| F|  |TS  0|AC  0|TAMS 0x0000000088b00000, 0x0000000088b00000|
|   6|0x0000000088c00000, 0x0000000088c00000, 0x0000000088d00000|  0%| F|  |TS  0|AC  0|TAMS 0x0000000088c00000, 0x0000000088c00000|
|   7|0x0000000088d00000, 0x0000000088d00000, 0x0000000088e00000|  0%| F|  |TS  0|AC  0|TAMS 0x0000000088d00000, 0x0000000088d00000|
|   8|0x0000000088e00000, 0x0000000088e00000, 0x0000000088f00000|  0%| F|  |TS  0|AC  0|TAMS 0x0000000088e00000, 0x0000000088e00000|
|   9|0x0000000088f00000, 0x0000000088f00000, 0x0000000089000000|  0%| F|  |TS  0|AC  0|TAMS 0x0000000088f00000, 0x0000000088f00000|
|  10|0x0000000089000000, 0x0000000089000000, 0x0000000089100000|  0%| F|  |TS  0|AC  0|TAMS 0x0000000089000000, 0x0000000089000000|
|  11|0x0000000089100000, 0x0000000089100000, 0x0000000089200000|  0%| F|  |TS  0|AC  0|TAMS 0x0000000089100000, 0x0000000089100000|
|  12|0x0000000089200000, 0x0000000089200000, 0x0000000089300000|  0%| F|  |TS  0|AC  0|TAMS 0x0000000089200000, 0x0000000089200000|
|  13|0x0000000089300000, 0x0000000089300000, 0x0000000089400000|  0%| F|  |TS  0|AC  0|TAMS 0x0000000089300000, 0x0000000089300000|
|  14|0x0000000089400000, 0x0000000089400000, 0x0000000089500000|  0%| F|  |TS  0|AC  0|TAMS 0x0000000089400000, 0x0000000089400000|
|  15|0x0000000089500000, 0x0000000089500000, 0x0000000089600000|  0%| F|  |TS  0|AC  0|TAMS 0x0000000089500000, 0x0000000089500000|
|  16|0x0000000089600000, 0x0000000089600000, 0x0000000089700000|  0%| F|  |TS  0|AC  0|TAMS 0x0000000089600000, 0x0000000089600000|
|  17|0x0000000089700000, 0x0000000089700000, 0x0000000089800000|  0%| F|  |TS  0|AC  0|TAMS 0x0000000089700000, 0x0000000089700000|
|  18|0x0000000089800000, 0x0000000089800000, 0x0000000089900000|  0%| F|  |TS  0|AC  0|TAMS 0x0000000089800000, 0x0000000089800000|
|  19|0x0000000089900000, 0x0000000089900000, 0x0000000089a00000|  0%| F|  |TS  0|AC  0|TAMS 0x0000000089900000, 0x0000000089900000|
|  20|0x0000000089a00000, 0x0000000089a00000, 0x0000000089b00000|  0%| F|  |TS  0|AC  0|TAMS 0x0000000089a00000, 0x0000000089a00000|
|  21|0x0000000089b00000, 0x0000000089b00000, 0x0000000089c00000|  0%| F|  |TS  0|AC  0|TAMS 0x0000000089b00000, 0x0000000089b00000|
|  22|0x0000000089c00000, 0x0000000089c00000, 0x0000000089d00000|  0%| F|  |TS  0|AC  0|TAMS 0x0000000089c00000, 0x0000000089c00000|
|  23|0x0000000089d00000, 0x0000000089d00000, 0x0000000089e00000|  0%| F|  |TS  0|AC  0|TAMS 0x0000000089d00000, 0x0000000089d00000|
|  24|0x0000000089e00000, 0x0000000089e00000, 0x0000000089f00000|  0%| F|  |TS  0|AC  0|TAMS 0x0000000089e00000, 0x0000000089e00000|
|  25|0x0000000089f00000, 0x0000000089f00000, 0x000000008a000000|  0%| F|  |TS  0|AC  0|TAMS 0x0000000089f00000, 0x0000000089f00000|
|  26|0x000000008a000000, 0x000000008a000000, 0x000000008a100000|  0%| F|  |TS  0|AC  0|TAMS 0x000000008a000000, 0x000000008a000000|
|  27|0x000000008a100000, 0x000000008a100000, 0x000000008a200000|  0%| F|  |TS  0|AC  0|TAMS 0x000000008a100000, 0x000000008a100000|
|  28|0x000000008a200000, 0x000000008a200000, 0x000000008a300000|  0%| F|  |TS  0|AC  0|TAMS 0x000000008a200000, 0x000000008a200000|
|  29|0x000000008a300000, 0x000000008a300000, 0x000000008a400000|  0%| F|  |TS  0|AC  0|TAMS 0x000000008a300000, 0x000000008a300000|
|  30|0x000000008a400000, 0x000000008a400000, 0x000000008a500000|  0%| F|  |TS  0|AC  0|TAMS 0x000000008a400000, 0x000000008a400000|
|  31|0x000000008a500000, 0x000000008a500000, 0x000000008a600000|  0%| F|  |TS  0|AC  0|TAMS 0x000000008a500000, 0x000000008a500000|
|  32|0x000000008a600000, 0x000000008a600000, 0x000000008a700000|  0%| F|  |TS  0|AC  0|TAMS 0x000000008a600000, 0x000000008a600000|
|  33|0x000000008a700000, 0x000000008a700000, 0x000000008a800000|  0%| F|  |TS  0|AC  0|TAMS 0x000000008a700000, 0x000000008a700000|
|  34|0x000000008a800000, 0x000000008a800000, 0x000000008a900000|  0%| F|  |TS  0|AC  0|TAMS 0x000000008a800000, 0x000000008a800000|
|  35|0x000000008a900000, 0x000000008a900000, 0x000000008aa00000|  0%| F|  |TS  0|AC  0|TAMS 0x000000008a900000, 0x000000008a900000|
|  36|0x000000008aa00000, 0x000000008aa00000, 0x000000008ab00000|  0%| F|  |TS  0|AC  0|TAMS 0x000000008aa00000, 0x000000008aa00000|
|  37|0x000000008ab00000, 0x000000008ab00000, 0x000000008ac00000|  0%| F|  |TS  0|AC  0|TAMS 0x000000008ab00000, 0x000000008ab00000|
|  38|0x000000008ac00000, 0x000000008ac00000, 0x000000008ad00000|  0%| F|  |TS  0|AC  0|TAMS 0x000000008ac00000, 0x000000008ac00000|
|  39|0x000000008ad00000, 0x000000008ad00000, 0x000000008ae00000|  0%| F|  |TS  0|AC  0|TAMS 0x000000008ad00000, 0x000000008ad00000|
|  40|0x000000008ae00000, 0x000000008ae00000, 0x000000008af00000|  0%| F|  |TS  0|AC  0|TAMS 0x000000008ae00000, 0x000000008ae00000|
|  41|0x000000008af00000, 0x000000008af00000, 0x000000008b000000|  0%| F|  |TS  0|AC  0|TAMS 0x000000008af00000, 0x000000008af00000|
|  42|0x000000008b000000, 0x000000008b000000, 0x000000008b100000|  0%| F|  |TS  0|AC  0|TAMS 0x000000008b000000, 0x000000008b000000|
|  43|0x000000008b100000, 0x000000008b100000, 0x000000008b200000|  0%| F|  |TS  0|AC  0|TAMS 0x000000008b100000, 0x000000008b100000|
|  44|0x000000008b200000, 0x000000008b200000, 0x000000008b300000|  0%| F|  |TS  0|AC  0|TAMS 0x000000008b200000, 0x000000008b200000|
|  45|0x000000008b300000, 0x000000008b300000, 0x000000008b400000|  0%| F|  |TS  0|AC  0|TAMS 0x000000008b300000, 0x000000008b300000|
|  46|0x000000008b400000, 0x000000008b400000, 0x000000008b500000|  0%| F|  |TS  0|AC  0|TAMS 0x000000008b400000, 0x000000008b400000|
|  47|0x000000008b500000, 0x000000008b500000, 0x000000008b600000|  0%| F|  |TS  0|AC  0|TAMS 0x000000008b500000, 0x000000008b500000|
|  48|0x000000008b600000, 0x000000008b600000, 0x000000008b700000|  0%| F|  |TS  0|AC  0|TAMS 0x000000008b600000, 0x000000008b600000|
|  49|0x000000008b700000, 0x000000008b700000, 0x000000008b800000|  0%| F|  |TS  0|AC  0|TAMS 0x000000008b700000, 0x000000008b700000|
|  50|0x000000008b800000, 0x000000008b800000, 0x000000008b900000|  0%| F|  |TS  0|AC  0|TAMS 0x000000008b800000, 0x000000008b800000|
|  51|0x000000008b900000, 0x000000008b900000, 0x000000008ba00000|  0%| F|  |TS  0|AC  0|TAMS 0x000000008b900000, 0x000000008b900000|
|  52|0x000000008ba00000, 0x000000008ba00000, 0x000000008bb00000|  0%| F|  |TS  0|AC  0|TAMS 0x000000008ba00000, 0x000000008ba00000|
|  53|0x000000008bb00000, 0x000000008bb00000, 0x000000008bc00000|  0%| F|  |TS  0|AC  0|TAMS 0x000000008bb00000, 0x000000008bb00000|
|  54|0x000000008bc00000, 0x000000008bc00000, 0x000000008bd00000|  0%| F|  |TS  0|AC  0|TAMS 0x000000008bc00000, 0x000000008bc00000|
|  55|0x000000008bd00000, 0x000000008bd00000, 0x000000008be00000|  0%| F|  |TS  0|AC  0|TAMS 0x000000008bd00000, 0x000000008bd00000|
|  56|0x000000008be00000, 0x000000008be00000, 0x000000008bf00000|  0%| F|  |TS  0|AC  0|TAMS 0x000000008be00000, 0x000000008be00000|
|  57|0x000000008bf00000, 0x000000008bf00000, 0x000000008c000000|  0%| F|  |TS  0|AC  0|TAMS 0x000000008bf00000, 0x000000008bf00000|
|  58|0x000000008c000000, 0x000000008c000000, 0x000000008c100000|  0%| F|  |TS  0|AC  0|TAMS 0x000000008c000000, 0x000000008c000000|
|  59|0x000000008c100000, 0x000000008c100000, 0x000000008c200000|  0%| F|  |TS  0|AC  0|TAMS 0x000000008c100000, 0x000000008c100000|
|  60|0x000000008c200000, 0x000000008c200000, 0x000000008c300000|  0%| F|  |TS  0|AC  0|TAMS 0x000000008c200000, 0x000000008c200000|
|  61|0x000000008c300000, 0x000000008c300000, 0x000000008c400000|  0%| F|  |TS  0|AC  0|TAMS 0x000000008c300000, 0x000000008c300000|
|  62|0x000000008c400000, 0x000000008c400000, 0x000000008c500000|  0%| F|  |TS  0|AC  0|TAMS 0x000000008c400000, 0x000000008c400000|
|  63|0x000000008c500000, 0x000000008c500000, 0x000000008c600000|  0%| F|  |TS  0|AC  0|TAMS 0x000000008c500000, 0x000000008c500000|
|  64|0x000000008c600000, 0x000000008c600000, 0x000000008c700000|  0%| F|  |TS  0|AC  0|TAMS 0x000000008c600000, 0x000000008c600000|
|  65|0x000000008c700000, 0x000000008c700000, 0x000000008c800000|  0%| F|  |TS  0|AC  0|TAMS 0x000000008c700000, 0x000000008c700000|
|  66|0x000000008c800000, 0x000000008c800000, 0x000000008c900000|  0%| F|  |TS  0|AC  0|TAMS 0x000000008c800000, 0x000000008c800000|
|  67|0x000000008c900000, 0x000000008c900000, 0x000000008ca00000|  0%| F|  |TS  0|AC  0|TAMS 0x000000008c900000, 0x000000008c900000|
|  68|0x000000008ca00000, 0x000000008ca00000, 0x000000008cb00000|  0%| F|  |TS  0|AC  0|TAMS 0x000000008ca00000, 0x000000008ca00000|
|  69|0x000000008cb00000, 0x000000008cb00000, 0x000000008cc00000|  0%| F|  |TS  0|AC  0|TAMS 0x000000008cb00000, 0x000000008cb00000|
|  70|0x000000008cc00000, 0x000000008cc00000, 0x000000008cd00000|  0%| F|  |TS  0|AC  0|TAMS 0x000000008cc00000, 0x000000008cc00000|
|  71|0x000000008cd00000, 0x000000008cd00000, 0x000000008ce00000|  0%| F|  |TS  0|AC  0|TAMS 0x000000008cd00000, 0x000000008cd00000|
|  72|0x000000008ce00000, 0x000000008ce00000, 0x000000008cf00000|  0%| F|  |TS  0|AC  0|TAMS 0x000000008ce00000, 0x000000008ce00000|
|  73|0x000000008cf00000, 0x000000008cf00000, 0x000000008d000000|  0%| F|  |TS  0|AC  0|TAMS 0x000000008cf00000, 0x000000008cf00000|
|  74|0x000000008d000000, 0x000000008d000000, 0x000000008d100000|  0%| F|  |TS  0|AC  0|TAMS 0x000000008d000000, 0x000000008d000000|
|  75|0x000000008d100000, 0x000000008d100000, 0x000000008d200000|  0%| F|  |TS  0|AC  0|TAMS 0x000000008d100000, 0x000000008d100000|
|  76|0x000000008d200000, 0x000000008d200000, 0x000000008d300000|  0%| F|  |TS  0|AC  0|TAMS 0x000000008d200000, 0x000000008d200000|
|  77|0x000000008d300000, 0x000000008d300000, 0x000000008d400000|  0%| F|  |TS  0|AC  0|TAMS 0x000000008d300000, 0x000000008d300000|
|  78|0x000000008d400000, 0x000000008d400000, 0x000000008d500000|  0%| F|  |TS  0|AC  0|TAMS 0x000000008d400000, 0x000000008d400000|
|  79|0x000000008d500000, 0x000000008d500000, 0x000000008d600000|  0%| F|  |TS  0|AC  0|TAMS 0x000000008d500000, 0x000000008d500000|
|  80|0x000000008d600000, 0x000000008d600000, 0x000000008d700000|  0%| F|  |TS  0|AC  0|TAMS 0x000000008d600000, 0x000000008d600000|
|  81|0x000000008d700000, 0x000000008d700000, 0x000000008d800000|  0%| F|  |TS  0|AC  0|TAMS 0x000000008d700000, 0x000000008d700000|
|  82|0x000000008d800000, 0x000000008d800000, 0x000000008d900000|  0%| F|  |TS  0|AC  0|TAMS 0x000000008d800000, 0x000000008d800000|
|  83|0x000000008d900000, 0x000000008d900000, 0x000000008da00000|  0%| F|  |TS  0|AC  0|TAMS 0x000000008d900000, 0x000000008d900000|
|  84|0x000000008da00000, 0x000000008da00000, 0x000000008db00000|  0%| F|  |TS  0|AC  0|TAMS 0x000000008da00000, 0x000000008da00000|
|  85|0x000000008db00000, 0x000000008db00000, 0x000000008dc00000|  0%| F|  |TS  0|AC  0|TAMS 0x000000008db00000, 0x000000008db00000|
|  86|0x000000008dc00000, 0x000000008dc00000, 0x000000008dd00000|  0%| F|  |TS  0|AC  0|TAMS 0x000000008dc00000, 0x000000008dc00000|
|  87|0x000000008dd00000, 0x000000008dd00000, 0x000000008de00000|  0%| F|  |TS  0|AC  0|TAMS 0x000000008dd00000, 0x000000008dd00000|
|  88|0x000000008de00000, 0x000000008de00000, 0x000000008df00000|  0%| F|  |TS  0|AC  0|TAMS 0x000000008de00000, 0x000000008de00000|
|  89|0x000000008df00000, 0x000000008df00000, 0x000000008e000000|  0%| F|  |TS  0|AC  0|TAMS 0x000000008df00000, 0x000000008df00000|
|  90|0x000000008e000000, 0x000000008e000000, 0x000000008e100000|  0%| F|  |TS  0|AC  0|TAMS 0x000000008e000000, 0x000000008e000000|
|  91|0x000000008e100000, 0x000000008e100000, 0x000000008e200000|  0%| F|  |TS  0|AC  0|TAMS 0x000000008e100000, 0x000000008e100000|
|  92|0x000000008e200000, 0x000000008e200000, 0x000000008e300000|  0%| F|  |TS  0|AC  0|TAMS 0x000000008e200000, 0x000000008e200000|
|  93|0x000000008e300000, 0x000000008e300000, 0x000000008e400000|  0%| F|  |TS  0|AC  0|TAMS 0x000000008e300000, 0x000000008e300000|
|  94|0x000000008e400000, 0x000000008e400000, 0x000000008e500000|  0%| F|  |TS  0|AC  0|TAMS 0x000000008e400000, 0x000000008e400000|
|  95|0x000000008e500000, 0x000000008e500000, 0x000000008e600000|  0%| F|  |TS  0|AC  0|TAMS 0x000000008e500000, 0x000000008e500000|
|  96|0x000000008e600000, 0x000000008e600000, 0x000000008e700000|  0%| F|  |TS  0|AC  0|TAMS 0x000000008e600000, 0x000000008e600000|
|  97|0x000000008e700000, 0x000000008e700000, 0x000000008e800000|  0%| F|  |TS  0|AC  0|TAMS 0x000000008e700000, 0x000000008e700000|
|  98|0x000000008e800000, 0x000000008e800000, 0x000000008e900000|  0%| F|  |TS  0|AC  0|TAMS 0x000000008e800000, 0x000000008e800000|
|  99|0x000000008e900000, 0x000000008e900000, 0x000000008ea00000|  0%| F|  |TS  0|AC  0|TAMS 0x000000008e900000, 0x000000008e900000|
| 100|0x000000008ea00000, 0x000000008ea00000, 0x000000008eb00000|  0%| F|  |TS  0|AC  0|TAMS 0x000000008ea00000, 0x000000008ea00000|
| 101|0x000000008eb00000, 0x000000008eb00000, 0x000000008ec00000|  0%| F|  |TS  0|AC  0|TAMS 0x000000008eb00000, 0x000000008eb00000|
| 102|0x000000008ec00000, 0x000000008ec00000, 0x000000008ed00000|  0%| F|  |TS  0|AC  0|TAMS 0x000000008ec00000, 0x000000008ec00000|
| 103|0x000000008ed00000, 0x000000008ed00000, 0x000000008ee00000|  0%| F|  |TS  0|AC  0|TAMS 0x000000008ed00000, 0x000000008ed00000|
| 104|0x000000008ee00000, 0x000000008ee00000, 0x000000008ef00000|  0%| F|  |TS  0|AC  0|TAMS 0x000000008ee00000, 0x000000008ee00000|
| 105|0x000000008ef00000, 0x000000008ef00000, 0x000000008f000000|  0%| F|  |TS  0|AC  0|TAMS 0x000000008ef00000, 0x000000008ef00000|
| 106|0x000000008f000000, 0x000000008f0498e8, 0x000000008f100000| 28%| E|  |TS  0|AC  0|TAMS 0x000000008f000000, 0x000000008f000000|
| 107|0x000000008f100000, 0x000000008f200000, 0x000000008f200000|100%| E|CS|TS  0|AC  0|TAMS 0x000000008f100000, 0x000000008f100000|
| 108|0x000000008f200000, 0x000000008f300000, 0x000000008f300000|100%| E|CS|TS  0|AC  0|TAMS 0x000000008f200000, 0x000000008f200000|
| 109|0x000000008f300000, 0x000000008f400000, 0x000000008f400000|100%| E|CS|TS  0|AC  0|TAMS 0x000000008f300000, 0x000000008f300000|
| 110|0x000000008f400000, 0x000000008f500000, 0x000000008f500000|100%| E|CS|TS  0|AC  0|TAMS 0x000000008f400000, 0x000000008f400000|
| 111|0x000000008f500000, 0x000000008f600000, 0x000000008f600000|100%| E|CS|TS  0|AC  0|TAMS 0x000000008f500000, 0x000000008f500000|
| 112|0x000000008f600000, 0x000000008f700000, 0x000000008f700000|100%| E|CS|TS  0|AC  0|TAMS 0x000000008f600000, 0x000000008f600000|
| 113|0x000000008f700000, 0x000000008f800000, 0x000000008f800000|100%| E|CS|TS  0|AC  0|TAMS 0x000000008f700000, 0x000000008f700000|
| 114|0x000000008f800000, 0x000000008f900000, 0x000000008f900000|100%| E|CS|TS  0|AC  0|TAMS 0x000000008f800000, 0x000000008f800000|
| 115|0x000000008f900000, 0x000000008fa00000, 0x000000008fa00000|100%| E|CS|TS  0|AC  0|TAMS 0x000000008f900000, 0x000000008f900000|
| 116|0x000000008fa00000, 0x000000008fb00000, 0x000000008fb00000|100%| E|CS|TS  0|AC  0|TAMS 0x000000008fa00000, 0x000000008fa00000|
| 117|0x000000008fb00000, 0x000000008fc00000, 0x000000008fc00000|100%| E|CS|TS  0|AC  0|TAMS 0x000000008fb00000, 0x000000008fb00000|
| 118|0x000000008fc00000, 0x000000008fd00000, 0x000000008fd00000|100%| E|CS|TS  0|AC  0|TAMS 0x000000008fc00000, 0x000000008fc00000|
| 119|0x000000008fd00000, 0x000000008fe00000, 0x000000008fe00000|100%| E|CS|TS  0|AC  0|TAMS 0x000000008fd00000, 0x000000008fd00000|

Card table byte_map: [0x00007f07a409e000,0x00007f07a445b000] byte_map_base: 0x00007f07a3c5b000

Marking Bits (Prev, Next): (CMBitMap*) 0x00007f07a005ef00, (CMBitMap*) 0x00007f07a005ef38
 Prev Bits: [0x00007f075e218000, 0x00007f0760000000)
 Next Bits: [0x00007f075c430000, 0x00007f075e218000)

Polling page: 0x00007f07a9d50000

CodeHeap 'non-profiled nmethods': size=120032Kb used=267Kb max_used=267Kb free=119764Kb
 bounds [0x00007f078d60b000, 0x00007f078d87b000, 0x00007f0794b43000]
CodeHeap 'profiled nmethods': size=120032Kb used=1330Kb max_used=1330Kb free=118701Kb
 bounds [0x00007f07860d3000, 0x00007f0786343000, 0x00007f078d60b000]
CodeHeap 'non-nmethods': size=5696Kb used=1187Kb max_used=1210Kb free=4508Kb
 bounds [0x00007f0785b43000, 0x00007f0785db3000, 0x00007f07860d3000]
 total_blobs=1306 nmethods=818 adapters=260
 compilation: enabled

Compilation events (10 events):
Event: 0.821 Thread 0x00007f07a0188800  817       3       sun.invoke.util.VerifyAccess::isTypeVisible (49 bytes)
Event: 0.821 Thread 0x00007f07a0188800 nmethod 817 0x00007f078621d690 code [0x00007f078621d880, 0x00007f078621dde8]
Event: 0.821 Thread 0x00007f07a0188800  814       3       java.nio.charset.Charset::lookup (44 bytes)
Event: 0.822 Thread 0x00007f07a0188800 nmethod 814 0x00007f078621df90 code [0x00007f078621e180, 0x00007f078621e688]
Event: 0.833 Thread 0x00007f07a0186800 nmethod 768 0x00007f078d649090 code [0x00007f078d6492c0, 0x00007f078d64ab48]
Event: 0.833 Thread 0x00007f07a0186800  816       4       jdk.internal.org.objectweb.asm.Type::getArgumentsAndReturnSizes (151 bytes)
Event: 0.834 Thread 0x00007f07a0188800  818       3       java.security.CodeSource::getCertificates (98 bytes)
Event: 0.835 Thread 0x00007f07a0188800 nmethod 818 0x00007f078621e890 code [0x00007f078621eb00, 0x00007f078621f6d8]
Event: 0.842 Thread 0x00007f07a0184800 nmethod 802 0x00007f078d64b290 code [0x00007f078d64b4a0, 0x00007f078d64c1c8]
Event: 0.852 Thread 0x00007f07a0186800 nmethod 816 0x00007f078d64c890 code [0x00007f078d64cb00, 0x00007f078d64d6a0]

GC Heap History (0 events):
No events

Deoptimization events (3 events):
Event: 0.515 Thread 0x00007f07a0015800 Uncommon trap: reason=unstable_if action=reinterpret pc=0x00007f078d60de9c method=java.lang.String.charAt(I)C @ 4 c2
Event: 0.657 Thread 0x00007f07a0015800 Uncommon trap: reason=unstable_if action=reinterpret pc=0x00007f078d63a5c8 method=java.util.HashMap.getNode(ILjava/lang/Object;)Ljava/util/HashMap$Node; @ 129 c2
Event: 0.657 Thread 0x00007f07a0015800 Uncommon trap: reason=unstable_if action=reinterpret pc=0x00007f078d639b84 method=java.util.HashMap.getNode(ILjava/lang/Object;)Ljava/util/HashMap$Node; @ 129 c2

Classes redefined (7 events):
Event: 316.464 Thread 0x00007f07a0157000 redefined class name=src.Board, count=1
Event: 390.021 Thread 0x00007f07a0157000 redefined class name=src.Solver, count=1
Event: 390.046 Thread 0x00007f07a0157000 redefined class name=src.Solver$CostSort, count=1
Event: 390.053 Thread 0x00007f07a0157000 redefined class name=src.Solver$State, count=1
Event: 1025.215 Thread 0x00007f07a0157000 redefined class name=src.Solver, count=2
Event: 1025.223 Thread 0x00007f07a0157000 redefined class name=src.Solver$CostSort, count=2
Event: 1025.238 Thread 0x00007f07a0157000 redefined class name=src.Solver$State, count=2

Internal exceptions (10 events):
Event: 0.593 Thread 0x00007f07a0015800 Exception <a 'java/lang/NoSuchMethodError'{0x000000008f43e6a0}: java.lang.invoke.DirectMethodHandle$Holder.invokeStaticInit(Ljava/lang/Object;Ljava/lang/Object;)I> (0x000000008f43e6a0) thrown at [/scratch/opt/mach5/mesos/work_dir/slaves/5af44a71-976a-41b7
Event: 0.612 Thread 0x00007f07a0015800 Exception <a 'java/lang/NoSuchMethodError'{0x000000008f4b4268}: java.lang.Object.of([Ljava/lang/Object;)Ljava/util/stream/Stream;> (0x000000008f4b4268) thrown at [/scratch/opt/mach5/mesos/work_dir/slaves/5af44a71-976a-41b7-81de-5773b84ec572-S39643/framewo
Event: 0.670 Thread 0x00007f07a0015800 Exception <a 'java/lang/NoSuchMethodError'{0x000000008f369608}: java.lang.invoke.DirectMethodHandle$Holder.invokeInterface(Ljava/lang/Object;Ljava/lang/Object;)V> (0x000000008f369608) thrown at [/scratch/opt/mach5/mesos/work_dir/slaves/5af44a71-976a-41b7-
Event: 0.670 Thread 0x00007f07a0015800 Exception <a 'java/lang/IncompatibleClassChangeError'{0x000000008f36c210}: Found class java.lang.Object, but interface was expected> (0x000000008f36c210) thrown at [/scratch/opt/mach5/mesos/work_dir/slaves/5af44a71-976a-41b7-81de-5773b84ec572-S39643/frame
Event: 0.671 Thread 0x00007f07a0015800 Exception <a 'java/lang/NoSuchMethodError'{0x000000008f370b90}: java.lang.Object.lambda$accept$0(Lorg/junit/platform/engine/TestDescriptor$Visitor;Lorg/junit/platform/engine/TestDescriptor;)V> (0x000000008f370b90) thrown at [/scratch/opt/mach5/mesos/work_
Event: 0.676 Thread 0x00007f07a0015800 Exception <a 'java/lang/NoSuchMethodError'{0x000000008f3777d8}: java.lang.Object.containsTests(Lorg/junit/platform/engine/TestDescriptor;)Z> (0x000000008f3777d8) thrown at [/scratch/opt/mach5/mesos/work_dir/slaves/5af44a71-976a-41b7-81de-5773b84ec572-S396
Event: 0.681 Thread 0x00007f07a0015800 Exception <a 'java/lang/NoSuchMethodError'{0x000000008f389258}: java.lang.invoke.DirectMethodHandle$Holder.invokeSpecial(Ljava/lang/Object;Ljava/lang/Object;Ljava/lang/Object;Ljava/lang/Object;)V> (0x000000008f389258) thrown at [/scratch/opt/mach5/mesos/w
Event: 0.725 Thread 0x00007f07a0015800 Exception <a 'java/lang/NoSuchMethodError'{0x000000008f2ce578}: method resolution failed> (0x000000008f2ce578) thrown at [/scratch/opt/mach5/mesos/work_dir/slaves/5af44a71-976a-41b7-81de-5773b84ec572-S39643/frameworks/1735e8a2-a1db-478c-8104-60c8b0af87dd-
Event: 0.738 Thread 0x00007f07a0015800 Exception <a 'java/lang/NoSuchMethodError'{0x000000008f123a78}: java.lang.Object.lambda$andThen$1(Ljava/util/function/Function;Ljava/lang/Object;)Ljava/lang/Object;> (0x000000008f123a78) thrown at [/scratch/opt/mach5/mesos/work_dir/slaves/5af44a71-976a-41
Event: 0.788 Thread 0x00007f07a0015800 Exception <a 'java/lang/NoSuchMethodError'{0x000000008f1cbda8}: java.lang.invoke.DirectMethodHandle$Holder.invokeInterface(Ljava/lang/Object;Ljava/lang/Object;Ljava/lang/Object;)V> (0x000000008f1cbda8) thrown at [/scratch/opt/mach5/mesos/work_dir/slaves/5

Events (10 events):
Event: 1025.380 Executing VM operation: GetFrameLocation done
Event: 1025.380 Executing VM operation: GetFrameLocation
Event: 1025.380 Executing VM operation: GetFrameLocation done
Event: 1025.380 Executing VM operation: GetOrSetLocal
Event: 1025.380 Executing VM operation: GetOrSetLocal done
Event: 1025.380 Executing VM operation: GetFrameCount
Event: 1025.380 Executing VM operation: GetFrameCount done
Event: 1025.380 Executing VM operation: GetFrameLocation
Event: 1025.380 Executing VM operation: GetFrameLocation done
Event: 1025.455 Executing VM operation: GetOrSetLocal


Dynamic libraries:
00400000-00401000 r-xp 00000000 08:05 9310391                            /usr/lib/jvm/java-9-oracle/bin/java
00600000-00601000 rw-p 00000000 08:05 9310391                            /usr/lib/jvm/java-9-oracle/bin/java
0230c000-0232d000 rw-p 00000000 00:00 0                                  [heap]
88600000-8fe00000 rw-p 00000000 00:00 0 
8fe00000-100000000 ---p 00000000 00:00 0 
100000000-100120000 rw-p 00000000 00:00 0 
100120000-140000000 ---p 00000000 00:00 0 
7f0714000000-7f0714021000 rw-p 00000000 00:00 0 
7f0714021000-7f0718000000 ---p 00000000 00:00 0 
7f071c000000-7f071c021000 rw-p 00000000 00:00 0 
7f071c021000-7f0720000000 ---p 00000000 00:00 0 
7f0720000000-7f0720021000 rw-p 00000000 00:00 0 
7f0720021000-7f0724000000 ---p 00000000 00:00 0 
7f0724000000-7f0724025000 rw-p 00000000 00:00 0 
7f0724025000-7f0728000000 ---p 00000000 00:00 0 
7f0728000000-7f0728024000 rw-p 00000000 00:00 0 
7f0728024000-7f072c000000 ---p 00000000 00:00 0 
7f072c000000-7f072c021000 rw-p 00000000 00:00 0 
7f072c021000-7f0730000000 ---p 00000000 00:00 0 
7f0730000000-7f0730021000 rw-p 00000000 00:00 0 
7f0730021000-7f0734000000 ---p 00000000 00:00 0 
7f0734000000-7f07341c6000 rw-p 00000000 00:00 0 
7f07341c6000-7f0738000000 ---p 00000000 00:00 0 
7f0738000000-7f073825c000 rw-p 00000000 00:00 0 
7f073825c000-7f073c000000 ---p 00000000 00:00 0 
7f073c000000-7f073c021000 rw-p 00000000 00:00 0 
7f073c021000-7f0740000000 ---p 00000000 00:00 0 
7f0740000000-7f0740267000 rw-p 00000000 00:00 0 
7f0740267000-7f0744000000 ---p 00000000 00:00 0 
7f0744000000-7f0744021000 rw-p 00000000 00:00 0 
7f0744021000-7f0748000000 ---p 00000000 00:00 0 
7f0748000000-7f0748021000 rw-p 00000000 00:00 0 
7f0748021000-7f074c000000 ---p 00000000 00:00 0 
7f074c000000-7f074c065000 rw-p 00000000 00:00 0 
7f074c065000-7f0750000000 ---p 00000000 00:00 0 
7f0750000000-7f0750021000 rw-p 00000000 00:00 0 
7f0750021000-7f0754000000 ---p 00000000 00:00 0 
7f07553c9000-7f0755877000 rw-p 00000000 00:00 0 
7f0755877000-7f07558f7000 ---p 00000000 00:00 0 
7f07558f7000-7f07558f8000 ---p 00000000 00:00 0 
7f07558f8000-7f07559f8000 rw-p 00000000 00:00 0 
7f07559f8000-7f07559fc000 ---p 00000000 00:00 0 
7f07559fc000-7f0755af9000 rw-p 00000000 00:00 0 
7f0755af9000-7f0755afd000 ---p 00000000 00:00 0 
7f0755afd000-7f0755bfa000 rw-p 00000000 00:00 0 
7f0755bfa000-7f0755bfe000 ---p 00000000 00:00 0 
7f0755bfe000-7f0755cfb000 rw-p 00000000 00:00 0 
7f0755cfb000-7f0755cff000 ---p 00000000 00:00 0 
7f0755cff000-7f0755dfc000 rw-p 00000000 00:00 0 
7f0755dfc000-7f0755e00000 r-xp 00000000 08:05 9309897                    /usr/lib/jvm/java-9-oracle/lib/libdt_socket.so
7f0755e00000-7f0755fff000 ---p 00004000 08:05 9309897                    /usr/lib/jvm/java-9-oracle/lib/libdt_socket.so
7f0755fff000-7f0756000000 rw-p 00003000 08:05 9309897                    /usr/lib/jvm/java-9-oracle/lib/libdt_socket.so
7f0756000000-7f0758000000 rwxp 00000000 00:00 0 
7f0758000000-7f0758021000 rw-p 00000000 00:00 0 
7f0758021000-7f075c000000 ---p 00000000 00:00 0 
7f075c008000-7f075c01e000 r-xp 00000000 08:05 9308406                    /usr/lib/jvm/java-9-oracle/lib/libnet.so
7f075c01e000-7f075c21e000 ---p 00016000 08:05 9308406                    /usr/lib/jvm/java-9-oracle/lib/libnet.so
7f075c21e000-7f075c21f000 rw-p 00016000 08:05 9308406                    /usr/lib/jvm/java-9-oracle/lib/libnet.so
7f075c21f000-7f075c22f000 r-xp 00000000 08:05 9308393                    /usr/lib/jvm/java-9-oracle/lib/libnio.so
7f075c22f000-7f075c42f000 ---p 00010000 08:05 9308393                    /usr/lib/jvm/java-9-oracle/lib/libnio.so
7f075c42f000-7f075c430000 rw-p 00010000 08:05 9308393                    /usr/lib/jvm/java-9-oracle/lib/libnio.so
7f075c430000-7f075c610000 rw-p 00000000 00:00 0 
7f075c610000-7f075e218000 ---p 00000000 00:00 0 
7f075e218000-7f075e3f8000 rw-p 00000000 00:00 0 
7f075e3f8000-7f0760000000 ---p 00000000 00:00 0 
7f0760000000-7f0760021000 rw-p 00000000 00:00 0 
7f0760021000-7f0764000000 ---p 00000000 00:00 0 
7f0764000000-7f0764021000 rw-p 00000000 00:00 0 
7f0764021000-7f0768000000 ---p 00000000 00:00 0 
7f0768000000-7f0768021000 rw-p 00000000 00:00 0 
7f0768021000-7f076c000000 ---p 00000000 00:00 0 
7f076c000000-7f076c021000 rw-p 00000000 00:00 0 
7f076c021000-7f0770000000 ---p 00000000 00:00 0 
7f0770000000-7f0770021000 rw-p 00000000 00:00 0 
7f0770021000-7f0774000000 ---p 00000000 00:00 0 
7f0774000000-7f0774021000 rw-p 00000000 00:00 0 
7f0774021000-7f0778000000 ---p 00000000 00:00 0 
7f0778000000-7f0778021000 rw-p 00000000 00:00 0 
7f0778021000-7f077c000000 ---p 00000000 00:00 0 
7f077c000000-7f077c021000 rw-p 00000000 00:00 0 
7f077c021000-7f0780000000 ---p 00000000 00:00 0 
7f0780000000-7f0780021000 rw-p 00000000 00:00 0 
7f0780021000-7f0784000000 ---p 00000000 00:00 0 
7f0784001000-7f0784005000 ---p 00000000 00:00 0 
7f0784005000-7f0784102000 rw-p 00000000 00:00 0 
7f0784102000-7f0784106000 ---p 00000000 00:00 0 
7f0784106000-7f0784203000 rw-p 00000000 00:00 0 
7f0784203000-7f0784207000 ---p 00000000 00:00 0 
7f0784207000-7f0784304000 rw-p 00000000 00:00 0 
7f0784304000-7f0784308000 ---p 00000000 00:00 0 
7f0784308000-7f0784405000 rw-p 00000000 00:00 0 
7f0784405000-7f0784409000 ---p 00000000 00:00 0 
7f0784409000-7f0784506000 rw-p 00000000 00:00 0 
7f0784506000-7f078450a000 ---p 00000000 00:00 0 
7f078450a000-7f0784607000 rw-p 00000000 00:00 0 
7f0784607000-7f078460b000 ---p 00000000 00:00 0 
7f078460b000-7f0784708000 rw-p 00000000 00:00 0 
7f0784708000-7f078470c000 ---p 00000000 00:00 0 
7f078470c000-7f0784809000 rw-p 00000000 00:00 0 
7f0784809000-7f078480a000 ---p 00000000 00:00 0 
7f078480a000-7f0785180000 rw-p 00000000 00:00 0 
7f0785180000-7f0785584000 rw-p 00000000 00:00 0 
7f0785584000-7f0785585000 ---p 00000000 00:00 0 
7f0785585000-7f0785685000 rw-p 00000000 00:00 0 
7f0785685000-7f0785686000 ---p 00000000 00:00 0 
7f0785686000-7f07857c2000 rw-p 00000000 00:00 0 
7f07857c2000-7f0785b43000 ---p 00000000 00:00 0 
7f0785b43000-7f0785db3000 rwxp 00000000 00:00 0 
7f0785db3000-7f07860d3000 ---p 00000000 00:00 0 
7f07860d3000-7f0786343000 rwxp 00000000 00:00 0 
7f0786343000-7f078d60b000 ---p 00000000 00:00 0 
7f078d60b000-7f078d87b000 rwxp 00000000 00:00 0 
7f078d87b000-7f0794b43000 ---p 00000000 00:00 0 
7f0794b43000-7f07a0000000 r--s 00000000 08:05 9308212                    /usr/lib/jvm/java-9-oracle/lib/modules
7f07a0000000-7f07a046e000 rw-p 00000000 00:00 0 
7f07a046e000-7f07a4000000 ---p 00000000 00:00 0 
7f07a4043000-7f07a40da000 rw-p 00000000 00:00 0 
7f07a40da000-7f07a4818000 ---p 00000000 00:00 0 
7f07a4818000-7f07a4854000 rw-p 00000000 00:00 0 
7f07a4854000-7f07a4bd5000 ---p 00000000 00:00 0 
7f07a4bd5000-7f07a4bd6000 ---p 00000000 00:00 0 
7f07a4bd6000-7f07a4cd6000 rw-p 00000000 00:00 0 
7f07a4cd6000-7f07a4cd7000 ---p 00000000 00:00 0 
7f07a4cd7000-7f07a4dd7000 rw-p 00000000 00:00 0 
7f07a4dd7000-7f07a4dd8000 ---p 00000000 00:00 0 
7f07a4dd8000-7f07a4ed8000 rw-p 00000000 00:00 0 
7f07a4ed8000-7f07a4ed9000 ---p 00000000 00:00 0 
7f07a4ed9000-7f07a4fd9000 rw-p 00000000 00:00 0 
7f07a4fd9000-7f07a4fda000 ---p 00000000 00:00 0 
7f07a4fda000-7f07a54de000 rw-p 00000000 00:00 0 
7f07a54de000-7f07a54df000 ---p 00000000 00:00 0 
7f07a54df000-7f07a55df000 rw-p 00000000 00:00 0 
7f07a55df000-7f07a55e0000 ---p 00000000 00:00 0 
7f07a55e0000-7f07a56e0000 rw-p 00000000 00:00 0 
7f07a56e0000-7f07a56e1000 ---p 00000000 00:00 0 
7f07a56e1000-7f07a57e1000 rw-p 00000000 00:00 0 
7f07a57e1000-7f07a57e2000 ---p 00000000 00:00 0 
7f07a57e2000-7f07a58e7000 rw-p 00000000 00:00 0 
7f07a58e7000-7f07a59cd000 ---p 00000000 00:00 0 
7f07a59cd000-7f07a59d2000 rw-p 00000000 00:00 0 
7f07a59d2000-7f07a5ab8000 ---p 00000000 00:00 0 
7f07a5ab8000-7f07a5ad2000 r-xp 00000000 08:05 9308194                    /usr/lib/jvm/java-9-oracle/lib/libjimage.so
7f07a5ad2000-7f07a5cd1000 ---p 0001a000 08:05 9308194                    /usr/lib/jvm/java-9-oracle/lib/libjimage.so
7f07a5cd1000-7f07a5cd3000 rw-p 00019000 08:05 9308194                    /usr/lib/jvm/java-9-oracle/lib/libjimage.so
7f07a5cd3000-7f07a5ce5000 rw-p 00000000 00:00 0 
7f07a5ce5000-7f07a5cec000 r-xp 00000000 08:05 9308381                    /usr/lib/jvm/java-9-oracle/lib/libzip.so
7f07a5cec000-7f07a5eeb000 ---p 00007000 08:05 9308381                    /usr/lib/jvm/java-9-oracle/lib/libzip.so
7f07a5eeb000-7f07a5eec000 rw-p 00006000 08:05 9308381                    /usr/lib/jvm/java-9-oracle/lib/libzip.so
7f07a5eec000-7f07a5ef6000 r-xp 00000000 08:05 9044447                    /lib/x86_64-linux-gnu/libnss_files-2.19.so
7f07a5ef6000-7f07a60f5000 ---p 0000a000 08:05 9044447                    /lib/x86_64-linux-gnu/libnss_files-2.19.so
7f07a60f5000-7f07a60f6000 r--p 00009000 08:05 9044447                    /lib/x86_64-linux-gnu/libnss_files-2.19.so
7f07a60f6000-7f07a60f7000 rw-p 0000a000 08:05 9044447                    /lib/x86_64-linux-gnu/libnss_files-2.19.so
7f07a60f7000-7f07a6102000 r-xp 00000000 08:05 9044459                    /lib/x86_64-linux-gnu/libnss_nis-2.19.so
7f07a6102000-7f07a6301000 ---p 0000b000 08:05 9044459                    /lib/x86_64-linux-gnu/libnss_nis-2.19.so
7f07a6301000-7f07a6302000 r--p 0000a000 08:05 9044459                    /lib/x86_64-linux-gnu/libnss_nis-2.19.so
7f07a6302000-7f07a6303000 rw-p 0000b000 08:05 9044459                    /lib/x86_64-linux-gnu/libnss_nis-2.19.so
7f07a6303000-7f07a631a000 r-xp 00000000 08:05 9044474                    /lib/x86_64-linux-gnu/libnsl-2.19.so
7f07a631a000-7f07a6519000 ---p 00017000 08:05 9044474                    /lib/x86_64-linux-gnu/libnsl-2.19.so
7f07a6519000-7f07a651a000 r--p 00016000 08:05 9044474                    /lib/x86_64-linux-gnu/libnsl-2.19.so
7f07a651a000-7f07a651b000 rw-p 00017000 08:05 9044474                    /lib/x86_64-linux-gnu/libnsl-2.19.so
7f07a651b000-7f07a651d000 rw-p 00000000 00:00 0 
7f07a651d000-7f07a6526000 r-xp 00000000 08:05 9044461                    /lib/x86_64-linux-gnu/libnss_compat-2.19.so
7f07a6526000-7f07a6725000 ---p 00009000 08:05 9044461                    /lib/x86_64-linux-gnu/libnss_compat-2.19.so
7f07a6725000-7f07a6726000 r--p 00008000 08:05 9044461                    /lib/x86_64-linux-gnu/libnss_compat-2.19.so
7f07a6726000-7f07a6727000 rw-p 00009000 08:05 9044461                    /lib/x86_64-linux-gnu/libnss_compat-2.19.so
7f07a6727000-7f07a6e09000 r--p 00000000 08:05 8264582                    /usr/lib/locale/locale-archive
7f07a6e09000-7f07a6e13000 r-xp 00000000 08:05 9308195                    /usr/lib/jvm/java-9-oracle/lib/libinstrument.so
7f07a6e13000-7f07a7012000 ---p 0000a000 08:05 9308195                    /usr/lib/jvm/java-9-oracle/lib/libinstrument.so
7f07a7012000-7f07a7013000 rw-p 00009000 08:05 9308195                    /usr/lib/jvm/java-9-oracle/lib/libinstrument.so
7f07a7013000-7f07a704e000 r-xp 00000000 08:05 9310371                    /usr/lib/jvm/java-9-oracle/lib/libjdwp.so
7f07a704e000-7f07a724d000 ---p 0003b000 08:05 9310371                    /usr/lib/jvm/java-9-oracle/lib/libjdwp.so
7f07a724d000-7f07a724e000 rw-p 0003a000 08:05 9310371                    /usr/lib/jvm/java-9-oracle/lib/libjdwp.so
7f07a724e000-7f07a724f000 rw-p 00000000 00:00 0 
7f07a724f000-7f07a727a000 r-xp 00000000 08:05 9308388                    /usr/lib/jvm/java-9-oracle/lib/libjava.so
7f07a727a000-7f07a7479000 ---p 0002b000 08:05 9308388                    /usr/lib/jvm/java-9-oracle/lib/libjava.so
7f07a7479000-7f07a747b000 rw-p 0002a000 08:05 9308388                    /usr/lib/jvm/java-9-oracle/lib/libjava.so
7f07a747b000-7f07a7488000 r-xp 00000000 08:05 9308214                    /usr/lib/jvm/java-9-oracle/lib/libverify.so
7f07a7488000-7f07a7687000 ---p 0000d000 08:05 9308214                    /usr/lib/jvm/java-9-oracle/lib/libverify.so
7f07a7687000-7f07a7689000 rw-p 0000c000 08:05 9308214                    /usr/lib/jvm/java-9-oracle/lib/libverify.so
7f07a7689000-7f07a7690000 r-xp 00000000 08:05 9044472                    /lib/x86_64-linux-gnu/librt-2.19.so
7f07a7690000-7f07a788f000 ---p 00007000 08:05 9044472                    /lib/x86_64-linux-gnu/librt-2.19.so
7f07a788f000-7f07a7890000 r--p 00006000 08:05 9044472                    /lib/x86_64-linux-gnu/librt-2.19.so
7f07a7890000-7f07a7891000 rw-p 00007000 08:05 9044472                    /lib/x86_64-linux-gnu/librt-2.19.so
7f07a7891000-7f07a7996000 r-xp 00000000 08:05 9044463                    /lib/x86_64-linux-gnu/libm-2.19.so
7f07a7996000-7f07a7b95000 ---p 00105000 08:05 9044463                    /lib/x86_64-linux-gnu/libm-2.19.so
7f07a7b95000-7f07a7b96000 r--p 00104000 08:05 9044463                    /lib/x86_64-linux-gnu/libm-2.19.so
7f07a7b96000-7f07a7b97000 rw-p 00105000 08:05 9044463                    /lib/x86_64-linux-gnu/libm-2.19.so
7f07a7b97000-7f07a8bac000 r-xp 00000000 08:05 11016043                   /usr/lib/jvm/java-9-oracle/lib/server/libjvm.so
7f07a8bac000-7f07a8dab000 ---p 01015000 08:05 11016043                   /usr/lib/jvm/java-9-oracle/lib/server/libjvm.so
7f07a8dab000-7f07a8e7c000 r--p 01014000 08:05 11016043                   /usr/lib/jvm/java-9-oracle/lib/server/libjvm.so
7f07a8e7c000-7f07a8eb3000 rw-p 010e5000 08:05 11016043                   /usr/lib/jvm/java-9-oracle/lib/server/libjvm.so
7f07a8eb3000-7f07a8f1c000 rw-p 00000000 00:00 0 
7f07a8f1c000-7f07a90da000 r-xp 00000000 08:05 9044479                    /lib/x86_64-linux-gnu/libc-2.19.so
7f07a90da000-7f07a92da000 ---p 001be000 08:05 9044479                    /lib/x86_64-linux-gnu/libc-2.19.so
7f07a92da000-7f07a92de000 r--p 001be000 08:05 9044479                    /lib/x86_64-linux-gnu/libc-2.19.so
7f07a92de000-7f07a92e0000 rw-p 001c2000 08:05 9044479                    /lib/x86_64-linux-gnu/libc-2.19.so
7f07a92e0000-7f07a92e5000 rw-p 00000000 00:00 0 
7f07a92e5000-7f07a92e8000 r-xp 00000000 08:05 9044475                    /lib/x86_64-linux-gnu/libdl-2.19.so
7f07a92e8000-7f07a94e7000 ---p 00003000 08:05 9044475                    /lib/x86_64-linux-gnu/libdl-2.19.so
7f07a94e7000-7f07a94e8000 r--p 00002000 08:05 9044475                    /lib/x86_64-linux-gnu/libdl-2.19.so
7f07a94e8000-7f07a94e9000 rw-p 00003000 08:05 9044475                    /lib/x86_64-linux-gnu/libdl-2.19.so
7f07a94e9000-7f07a94f7000 r-xp 00000000 08:05 11016047                   /usr/lib/jvm/java-9-oracle/lib/jli/libjli.so
7f07a94f7000-7f07a96f7000 ---p 0000e000 08:05 11016047                   /usr/lib/jvm/java-9-oracle/lib/jli/libjli.so
7f07a96f7000-7f07a96f8000 rw-p 0000e000 08:05 11016047                   /usr/lib/jvm/java-9-oracle/lib/jli/libjli.so
7f07a96f8000-7f07a9711000 r-xp 00000000 08:05 9044471                    /lib/x86_64-linux-gnu/libpthread-2.19.so
7f07a9711000-7f07a9910000 ---p 00019000 08:05 9044471                    /lib/x86_64-linux-gnu/libpthread-2.19.so
7f07a9910000-7f07a9911000 r--p 00018000 08:05 9044471                    /lib/x86_64-linux-gnu/libpthread-2.19.so
7f07a9911000-7f07a9912000 rw-p 00019000 08:05 9044471                    /lib/x86_64-linux-gnu/libpthread-2.19.so
7f07a9912000-7f07a9916000 rw-p 00000000 00:00 0 
7f07a9916000-7f07a992e000 r-xp 00000000 08:05 9048643                    /lib/x86_64-linux-gnu/libz.so.1.2.8
7f07a992e000-7f07a9b2d000 ---p 00018000 08:05 9048643                    /lib/x86_64-linux-gnu/libz.so.1.2.8
7f07a9b2d000-7f07a9b2e000 r--p 00017000 08:05 9048643                    /lib/x86_64-linux-gnu/libz.so.1.2.8
7f07a9b2e000-7f07a9b2f000 rw-p 00018000 08:05 9048643                    /lib/x86_64-linux-gnu/libz.so.1.2.8
7f07a9b2f000-7f07a9b52000 r-xp 00000000 08:05 9044466                    /lib/x86_64-linux-gnu/ld-2.19.so
7f07a9b70000-7f07a9b77000 r--s 00000000 08:05 8660295                    /usr/lib/x86_64-linux-gnu/gconv/gconv-modules.cache
7f07a9b77000-7f07a9c2f000 rw-p 00000000 00:00 0 
7f07a9c2f000-7f07a9c34000 ---p 00000000 00:00 0 
7f07a9c34000-7f07a9d35000 rw-p 00000000 00:00 0 
7f07a9d37000-7f07a9d3e000 rw-p 00000000 00:00 0 
7f07a9d3e000-7f07a9d45000 ---p 00000000 00:00 0 
7f07a9d45000-7f07a9d47000 r--s 00001000 08:05 1840677                    /opt/intellij-idea-community/lib/rt/debugger-agent-storage.jar
7f07a9d47000-7f07a9d4f000 rw-s 00000000 08:05 1841820                    /tmp/hsperfdata_noah/10735
7f07a9d4f000-7f07a9d50000 rw-p 00000000 00:00 0 
7f07a9d50000-7f07a9d51000 ---p 00000000 00:00 0 
7f07a9d51000-7f07a9d52000 r--p 00022000 08:05 9044466                    /lib/x86_64-linux-gnu/ld-2.19.so
7f07a9d52000-7f07a9d53000 rw-p 00023000 08:05 9044466                    /lib/x86_64-linux-gnu/ld-2.19.so
7f07a9d53000-7f07a9d54000 rw-p 00000000 00:00 0 
7ffdf5c75000-7ffdf5c97000 rw-p 00000000 00:00 0                          [stack]
7ffdf5d3d000-7ffdf5d3f000 r--p 00000000 00:00 0                          [vvar]
7ffdf5d3f000-7ffdf5d41000 r-xp 00000000 00:00 0                          [vdso]
ffffffffff600000-ffffffffff601000 r-xp 00000000 00:00 0                  [vsyscall]

VM Arguments:
jvm_args: -agentlib:jdwp=transport=dt_socket,address=127.0.0.1:36146,suspend=y,server=n -ea -Didea.test.cyclic.buffer.size=1048576 -javaagent:/opt/intellij-idea-community/lib/rt/debugger-agent.jar=/tmp/capture.props -Dfile.encoding=UTF-8 
java_command: com.intellij.rt.execution.junit.JUnitStarter -ideVersion5 -junit5 PuzzleTest,testSolverEasy
java_class_path (initial): /opt/intellij-idea-community/lib/idea_rt.jar:/opt/intellij-idea-community/plugins/junit/lib/junit-rt.jar:/opt/intellij-idea-community/plugins/junit/lib/junit5-rt.jar:/home/noah/.m2/repository/org/junit/platform/junit-platform-launcher/1.0.0/junit-platform-launcher-1.0.0.jar:/home/noah/.m2/repository/org/apiguardian/apiguardian-api/1.0.0/apiguardian-api-1.0.0.jar:/home/noah/.m2/repository/org/junit/platform/junit-platform-engine/1.0.0/junit-platform-engine-1.0.0.jar:/home/noah/.m2/repository/org/junit/platform/junit-platform-commons/1.0.0/junit-platform-commons-1.0.0.jar:/home/noah/.m2/repository/org/opentest4j/opentest4j/1.0.0/opentest4j-1.0.0.jar:/home/noah/.m2/repository/org/junit/jupiter/junit-jupiter-engine/5.0.0/junit-jupiter-engine-5.0.0.jar:/home/noah/.m2/repository/org/junit/jupiter/junit-jupiter-api/5.0.0/junit-jupiter-api-5.0.0.jar:/home/noah/EightPuzzle/DSA-18/graphs/test/DSA-18:/home/noah/EightPuzzle/DSA-18/graphs/production/DSA-18
Launcher Type: SUN_STANDARD

Logging:
Log output configuration:
#0: stdout all=warning uptime,level,tags
#1: stderr all=off uptime,level,tags

Environment Variables:
JAVA_HOME=/usr/lib/jvm/java-9-oracle
PATH=/usr/local/sbin:/usr/local/bin:/usr/sbin:/usr/bin:/sbin:/bin:/usr/games:/usr/local/games:/usr/lib/jvm/java-9-oracle/bin:/usr/lib/jvm/java-9-oracle/db/bin
SHELL=/bin/bash
DISPLAY=:0

Signal Handlers:
SIGSEGV: [libjvm.so+0xd4d370], sa_mask[0]=11111111011111111101111111111110, sa_flags=SA_RESTART|SA_SIGINFO
SIGBUS: [libjvm.so+0xd4d370], sa_mask[0]=11111111011111111101111111111110, sa_flags=SA_RESTART|SA_SIGINFO
SIGFPE: [libjvm.so+0xd4d370], sa_mask[0]=11111111011111111101111111111110, sa_flags=SA_RESTART|SA_SIGINFO
SIGPIPE: [libjvm.so+0xb64780], sa_mask[0]=11111111011111111101111111111110, sa_flags=SA_RESTART|SA_SIGINFO
SIGXFSZ: [libjvm.so+0xb64780], sa_mask[0]=11111111011111111101111111111110, sa_flags=SA_RESTART|SA_SIGINFO
SIGILL: [libjvm.so+0xd4d370], sa_mask[0]=11111111011111111101111111111110, sa_flags=SA_RESTART|SA_SIGINFO
SIGUSR2: [libjvm.so+0xb64640], sa_mask[0]=00100000000000000000000000000000, sa_flags=SA_RESTART|SA_SIGINFO
SIGHUP: [libjvm.so+0xb64850], sa_mask[0]=11111111011111111101111111111110, sa_flags=SA_RESTART|SA_SIGINFO
SIGINT: [libjvm.so+0xb64850], sa_mask[0]=11111111011111111101111111111110, sa_flags=SA_RESTART|SA_SIGINFO
SIGTERM: [libjvm.so+0xb64850], sa_mask[0]=11111111011111111101111111111110, sa_flags=SA_RESTART|SA_SIGINFO
SIGQUIT: [libjvm.so+0xb64850], sa_mask[0]=11111111011111111101111111111110, sa_flags=SA_RESTART|SA_SIGINFO


---------------  S Y S T E M  ---------------

OS:DISTRIB_ID=Ubuntu
DISTRIB_RELEASE=14.04
DISTRIB_CODENAME=trusty
DISTRIB_DESCRIPTION="Ubuntu 14.04.5 LTS"
uname:Linux 4.4.0-96-generic #119~14.04.1-Ubuntu SMP Wed Sep 13 08:40:48 UTC 2017 x86_64
libc:glibc 2.19 NPTL 2.19 
rlimit: STACK 8192k, CORE 0k, NPROC 30505, NOFILE 4096, AS infinity
load average:0.77 0.87 0.81

/proc/meminfo:
MemTotal:        7834656 kB
MemFree:         1561324 kB
MemAvailable:    3184084 kB
Buffers:          262588 kB
Cached:          2022444 kB
SwapCached:            0 kB
Active:          4601564 kB
Inactive:        1261880 kB
Active(anon):    3587576 kB
Inactive(anon):   528048 kB
Active(file):    1013988 kB
Inactive(file):   733832 kB
Unevictable:         288 kB
Mlocked:             288 kB
SwapTotal:       8042492 kB
SwapFree:        8042492 kB
Dirty:             16320 kB
Writeback:             0 kB
AnonPages:       3578900 kB
Mapped:           762572 kB
Shmem:            537216 kB
Slab:             228988 kB
SReclaimable:     182792 kB
SUnreclaim:        46196 kB
KernelStack:       14816 kB
PageTables:        62776 kB
NFS_Unstable:          0 kB
Bounce:                0 kB
WritebackTmp:          0 kB
CommitLimit:    11959820 kB
Committed_AS:   11158248 kB
VmallocTotal:   34359738367 kB
VmallocUsed:           0 kB
VmallocChunk:          0 kB
HardwareCorrupted:     0 kB
AnonHugePages:   1478656 kB
CmaTotal:              0 kB
CmaFree:               0 kB
HugePages_Total:       0
HugePages_Free:        0
HugePages_Rsvd:        0
HugePages_Surp:        0
Hugepagesize:       2048 kB
DirectMap4k:      189912 kB
DirectMap2M:     6805504 kB
DirectMap1G:     2097152 kB


CPU:total 4 (initial active 4) (2 cores per cpu, 2 threads per core) family 6 model 78 stepping 3, cmov, cx8, fxsr, mmx, sse, sse2, sse3, ssse3, sse4.1, sse4.2, popcnt, avx, avx2, aes, clmul, erms, rtm, 3dnowpref, lzcnt, ht, tsc, tscinvbit, bmi1, bmi2, adx, fma
CPU Model and flags from /proc/cpuinfo:
model name	: Intel(R) Core(TM) i7-6600U CPU @ 2.60GHz
flags		: fpu vme de pse tsc msr pae mce cx8 apic sep mtrr pge mca cmov pat pse36 clflush dts acpi mmx fxsr sse sse2 ss ht tm pbe syscall nx pdpe1gb rdtscp lm constant_tsc art arch_perfmon pebs bts rep_good nopl xtopology nonstop_tsc aperfmperf eagerfpu pni pclmulqdq dtes64 monitor ds_cpl vmx smx est tm2 ssse3 sdbg fma cx16 xtpr pdcm pcid sse4_1 sse4_2 x2apic movbe popcnt tsc_deadline_timer aes xsave avx f16c rdrand lahf_lm abm 3dnowprefetch epb intel_pt tpr_shadow vnmi flexpriority ept vpid fsgsbase tsc_adjust bmi1 hle avx2 smep bmi2 erms invpcid rtm mpx rdseed adx smap clflushopt xsaveopt xsavec xgetbv1 dtherm ida arat pln pts hwp hwp_notify hwp_act_window hwp_epp

Memory: 4k page, physical 7834656k(1561324k free), swap 8042492k(8042492k free)

vm_info: Java HotSpot(TM) 64-Bit Server VM (9.0.4+11) for linux-amd64 JRE (9.0.4+11), built on Dec 19 2017 18:12:19 by "mach5one" with gcc 4.9.2

END.
